[     104ms] [VERBOSE] [DOM] Input elements should have autocomplete attributes (suggested: "current-password"): (More info: https://goo.gl/9p2vKq) %o @ http://localhost:3000/auth/login:0
[     215ms] [INFO] %cDownload the React DevTools for a better development experience: https://react.dev/link/react-devtools font-weight:bold @ http://localhost:3000/_next/static/chunks/node_modules_next_dist_7a8122d0._.js:2287
[     260ms] [LOG] [HMR] connected @ http://localhost:3000/_next/static/chunks/node_modules_next_dist_7a8122d0._.js:2287
[     362ms] [LOG] %c[Vercel Web Analytics]%c Debug mode is enabled by default in development. No requests will be sent to the server. color: rgb(120, 120, 120) color: inherit @ http://localhost:3000/_next/static/chunks/node_modules_next_dist_7a8122d0._.js:2287
[     362ms] [LOG] %c[Vercel Web Analytics]%c Running queued event color: rgb(120, 120, 120) color: inherit pageview {route: /auth/login, path: /auth/login} @ http://localhost:3000/_next/static/chunks/node_modules_next_dist_7a8122d0._.js:2287
[     363ms] [LOG] %c[Vercel Web Analytics]%c [view] http://localhost:3000/auth/login color: rgb(120, 120, 120) color: inherit {o: http://localhost:3000/auth/login, sv: 0.1.3, sdkn: @vercel/analytics/next, sdkv: 1.3.1, ts: 1781392975334} /_vercel/insights/view @ http://localhost:3000/_next/static/chunks/node_modules_next_dist_7a8122d0._.js:2287
[  598113ms] [LOG] [Fast Refresh] rebuilding @ http://localhost:3000/_next/static/chunks/node_modules_next_dist_7a8122d0._.js:2287
[  598114ms] [LOG] [Fast Refresh] done in 105ms @ http://localhost:3000/_next/static/chunks/node_modules_next_dist_7a8122d0._.js:2287
[  681479ms] [LOG] [Fast Refresh] rebuilding @ http://localhost:3000/_next/static/chunks/node_modules_next_dist_7a8122d0._.js:2287
[  681498ms] [LOG] [Fast Refresh] done in 95ms @ http://localhost:3000/_next/static/chunks/node_modules_next_dist_7a8122d0._.js:2287
[  706052ms] [LOG] [Fast Refresh] rebuilding @ http://localhost:3000/_next/static/chunks/node_modules_next_dist_7a8122d0._.js:2287
[  706069ms] [LOG] [Fast Refresh] done in 81ms @ http://localhost:3000/_next/static/chunks/node_modules_next_dist_7a8122d0._.js:2287
[  827897ms] [LOG] [Fast Refresh] rebuilding @ http://localhost:3000/_next/static/chunks/node_modules_next_dist_7a8122d0._.js:2287
[  827951ms] [LOG] [Fast Refresh] done in 163ms @ http://localhost:3000/_next/static/chunks/node_modules_next_dist_7a8122d0._.js:2287
[  847984ms] [LOG] [Fast Refresh] rebuilding @ http://localhost:3000/_next/static/chunks/node_modules_next_dist_7a8122d0._.js:2287
[  848049ms] [LOG] [Fast Refresh] done in 171ms @ http://localhost:3000/_next/static/chunks/node_modules_next_dist_7a8122d0._.js:2287
[  887426ms] [LOG] [Fast Refresh] rebuilding @ http://localhost:3000/_next/static/chunks/node_modules_next_dist_7a8122d0._.js:2287
[  887443ms] [LOG] [Fast Refresh] done in 125ms @ http://localhost:3000/_next/static/chunks/node_modules_next_dist_7a8122d0._.js:2287
[  889762ms] [LOG] [Fast Refresh] rebuilding @ http://localhost:3000/_next/static/chunks/node_modules_next_dist_7a8122d0._.js:2287
[  889768ms] [LOG] [Fast Refresh] done in 110ms @ http://localhost:3000/_next/static/chunks/node_modules_next_dist_7a8122d0._.js:2287
[  892839ms] [LOG] [Fast Refresh] rebuilding @ http://localhost:3000/_next/static/chunks/node_modules_next_dist_7a8122d0._.js:2287
[  892855ms] [LOG] [Fast Refresh] done in 121ms @ http://localhost:3000/_next/static/chunks/node_modules_next_dist_7a8122d0._.js:2287
[  896314ms] [LOG] [Fast Refresh] rebuilding @ http://localhost:3000/_next/static/chunks/node_modules_next_dist_7a8122d0._.js:2287
[  896344ms] [LOG] [Fast Refresh] done in 135ms @ http://localhost:3000/_next/static/chunks/node_modules_next_dist_7a8122d0._.js:2287
[  939769ms] [LOG] [Fast Refresh] rebuilding @ http://localhost:3000/_next/static/chunks/node_modules_next_dist_7a8122d0._.js:2287
[  939892ms] [LOG] [Fast Refresh] done in 225ms @ http://localhost:3000/_next/static/chunks/node_modules_next_dist_7a8122d0._.js:2287
[  952184ms] [LOG] [Fast Refresh] rebuilding @ http://localhost:3000/_next/static/chunks/node_modules_next_dist_7a8122d0._.js:2287
[  952263ms] [LOG] [Fast Refresh] done in 181ms @ http://localhost:3000/_next/static/chunks/node_modules_next_dist_7a8122d0._.js:2287
[ 1042753ms] [LOG] [Fast Refresh] rebuilding @ http://localhost:3000/_next/static/chunks/node_modules_next_dist_7a8122d0._.js:2287
[ 1043160ms] [LOG] [Fast Refresh] done in 510ms @ http://localhost:3000/_next/static/chunks/node_modules_next_dist_7a8122d0._.js:2287
[ 1044097ms] [LOG] [Fast Refresh] rebuilding @ http://localhost:3000/_next/static/chunks/node_modules_next_dist_7a8122d0._.js:2287
[ 1044150ms] [LOG] [Fast Refresh] done in 156ms @ http://localhost:3000/_next/static/chunks/node_modules_next_dist_7a8122d0._.js:2287
[ 1045969ms] [LOG] [Fast Refresh] rebuilding @ http://localhost:3000/_next/static/chunks/node_modules_next_dist_7a8122d0._.js:2287
[ 1046032ms] [LOG] [Fast Refresh] done in 174ms @ http://localhost:3000/_next/static/chunks/node_modules_next_dist_7a8122d0._.js:2287
[ 1488455ms] [LOG] [Fast Refresh] rebuilding @ http://localhost:3000/_next/static/chunks/node_modules_next_dist_7a8122d0._.js:2287
[ 1488463ms] [LOG] [Fast Refresh] done in 116ms @ http://localhost:3000/_next/static/chunks/node_modules_next_dist_7a8122d0._.js:2287
[ 1506727ms] [LOG] [Fast Refresh] rebuilding @ http://localhost:3000/_next/static/chunks/node_modules_next_dist_7a8122d0._.js:2287
[ 1507019ms] [LOG] [Fast Refresh] done in 395ms @ http://localhost:3000/_next/static/chunks/node_modules_next_dist_7a8122d0._.js:2287
[ 1507162ms] [LOG] [Fast Refresh] rebuilding @ http://localhost:3000/_next/static/chunks/node_modules_next_dist_7a8122d0._.js:2287
[ 1507166ms] [LOG] [Fast Refresh] done in 107ms @ http://localhost:3000/_next/static/chunks/node_modules_next_dist_7a8122d0._.js:2287
[ 1507411ms] [LOG] [Fast Refresh] rebuilding @ http://localhost:3000/_next/static/chunks/node_modules_next_dist_7a8122d0._.js:2287
[ 1507810ms] [LOG] [Fast Refresh] done in 500ms @ http://localhost:3000/_next/static/chunks/node_modules_next_dist_7a8122d0._.js:2287
[ 1508135ms] [LOG] [Fast Refresh] rebuilding @ http://localhost:3000/_next/static/chunks/node_modules_next_dist_7a8122d0._.js:2287
[ 1508697ms] [LOG] [Fast Refresh] done in 663ms @ http://localhost:3000/_next/static/chunks/node_modules_next_dist_7a8122d0._.js:2287
[ 2212534ms] [LOG] [Fast Refresh] rebuilding @ http://localhost:3000/_next/static/chunks/node_modules_next_dist_7a8122d0._.js:2287
[ 2212535ms] [LOG] [Fast Refresh] done in 115ms @ http://localhost:3000/_next/static/chunks/node_modules_next_dist_7a8122d0._.js:2287
[ 2390793ms] [LOG] [Fast Refresh] rebuilding @ http://localhost:3000/_next/static/chunks/node_modules_next_dist_7a8122d0._.js:2287
[ 2390887ms] [LOG] [Fast Refresh] done in 195ms @ http://localhost:3000/_next/static/chunks/node_modules_next_dist_7a8122d0._.js:2287
[ 2508389ms] [LOG] [Fast Refresh] rebuilding @ http://localhost:3000/_next/static/chunks/node_modules_next_dist_7a8122d0._.js:2287
[ 2508679ms] [LOG] [Fast Refresh] done in 391ms @ http://localhost:3000/_next/static/chunks/node_modules_next_dist_7a8122d0._.js:2287
[ 2612961ms] [LOG] [Fast Refresh] rebuilding @ http://localhost:3000/_next/static/chunks/node_modules_next_dist_7a8122d0._.js:2287
[ 2612965ms] [LOG] [Fast Refresh] done in 109ms @ http://localhost:3000/_next/static/chunks/node_modules_next_dist_7a8122d0._.js:2287
[ 2716878ms] [LOG] [Fast Refresh] rebuilding @ http://localhost:3000/_next/static/chunks/node_modules_next_dist_7a8122d0._.js:2287
[ 2717089ms] [LOG] [Fast Refresh] done in 311ms @ http://localhost:3000/_next/static/chunks/node_modules_next_dist_7a8122d0._.js:2287
[ 2871342ms] [ERROR] ./components/dashboard/audit-detail.tsx:62:3
Parsing ecmascript source code failed
  60 |
  61 |   // While rewards are settling on-chain, reconcile with Circle and refresh.
> 62 |   import { useEffect } from "react"
     |   ^^^^^^
  63 | import { useRouter } from "next/navigation"
  64 | import useSWR from "swr"
  65 | import Link from "next/link"

'import', and 'export' cannot be used outside of module code

Import trace:
  Server Component:
    ./components/dashboard/audit-detail.tsx
    ./app/dashboard/audits/[id]/page.tsx @ http://localhost:3000/_next/static/chunks/node_modules_next_dist_7a8122d0._.js:3117
[ 2871438ms] [LOG] [Fast Refresh] rebuilding @ http://localhost:3000/_next/static/chunks/node_modules_next_dist_7a8122d0._.js:2287
[ 2872314ms] [ERROR] ./components/dashboard/audit-detail.tsx:62:3
Parsing ecmascript source code failed
  60 |
  61 |   // While rewards are settling on-chain, reconcile with Circle and refresh.
> 62 |   import { useEffect } from "react"
     |   ^^^^^^
  63 | import { useRouter } from "next/navigation"
  64 | import useSWR from "swr"
  65 | import Link from "next/link"

'import', and 'export' cannot be used outside of module code

Import trace:
  Server Component:
    ./components/dashboard/audit-detail.tsx
    ./app/dashboard/audits/[id]/page.tsx @ http://localhost:3000/_next/static/chunks/node_modules_next_dist_7a8122d0._.js:3117
[ 2872381ms] [LOG] [Fast Refresh] rebuilding @ http://localhost:3000/_next/static/chunks/node_modules_next_dist_7a8122d0._.js:2287
[ 2873981ms] [ERROR] ./components/dashboard/audit-detail.tsx:62:3
Parsing ecmascript source code failed
  60 |
  61 |   // While rewards are settling on-chain, reconcile with Circle and refresh.
> 62 |   import { useEffect } from "react"
     |   ^^^^^^
  63 | import { useRouter } from "next/navigation"
  64 | import useSWR from "swr"
  65 | import Link from "next/link"

'import', and 'export' cannot be used outside of module code

Import trace:
  Server Component:
    ./components/dashboard/audit-detail.tsx
    ./app/dashboard/audits/[id]/page.tsx @ http://localhost:3000/_next/static/chunks/node_modules_next_dist_7a8122d0._.js:3117
[ 2874049ms] [LOG] [Fast Refresh] rebuilding @ http://localhost:3000/_next/static/chunks/node_modules_next_dist_7a8122d0._.js:2287
[ 2883461ms] [ERROR] ./components/dashboard/audit-detail.tsx:62:3
Parsing ecmascript source code failed
  60 |
  61 |   // While rewards are settling on-chain, reconcile with Circle and refresh.
> 62 |   import { useEffect } from "react"
     |   ^^^^^^
  63 | import { useRouter } from "next/navigation"
  64 | import useSWR from "swr"
  65 | import Link from "next/link"

'import', and 'export' cannot be used outside of module code

Import trace:
  Server Component:
    ./components/dashboard/audit-detail.tsx
    ./app/dashboard/audits/[id]/page.tsx @ http://localhost:3000/_next/static/chunks/node_modules_next_dist_7a8122d0._.js:3117
[ 2883527ms] [LOG] [Fast Refresh] rebuilding @ http://localhost:3000/_next/static/chunks/node_modules_next_dist_7a8122d0._.js:2287
[ 2886066ms] [ERROR] ./components/dashboard/audit-detail.tsx:62:3
Parsing ecmascript source code failed
  60 |
  61 |   // While rewards are settling on-chain, reconcile with Circle and refresh.
> 62 |   import { useEffect } from "react"
     |   ^^^^^^
  63 | import { useRouter } from "next/navigation"
  64 | import useSWR from "swr"
  65 | import Link from "next/link"

'import', and 'export' cannot be used outside of module code

Import trace:
  Server Component:
    ./components/dashboard/audit-detail.tsx
    ./app/dashboard/audits/[id]/page.tsx @ http://localhost:3000/_next/static/chunks/node_modules_next_dist_7a8122d0._.js:3117
[ 2886130ms] [LOG] [Fast Refresh] rebuilding @ http://localhost:3000/_next/static/chunks/node_modules_next_dist_7a8122d0._.js:2287
[ 2889558ms] [ERROR] ./components/dashboard/audit-detail.tsx:62:3
Parsing ecmascript source code failed
  60 |
  61 |   // While rewards are settling on-chain, reconcile with Circle and refresh.
> 62 |   import { useEffect } from "react"
     |   ^^^^^^
  63 | import { useRouter } from "next/navigation"
  64 | import useSWR from "swr"
  65 | import Link from "next/link"

'import', and 'export' cannot be used outside of module code

Import trace:
  Server Component:
    ./components/dashboard/audit-detail.tsx
    ./app/dashboard/audits/[id]/page.tsx @ http://localhost:3000/_next/static/chunks/node_modules_next_dist_7a8122d0._.js:3117
[ 2889623ms] [LOG] [Fast Refresh] rebuilding @ http://localhost:3000/_next/static/chunks/node_modules_next_dist_7a8122d0._.js:2287
[ 2894652ms] [ERROR] ./components/dashboard/audit-detail.tsx:62:3
Parsing ecmascript source code failed
  60 |
  61 |   // While rewards are settling on-chain, reconcile with Circle and refresh.
> 62 |   import { useEffect } from "react"
     |   ^^^^^^
  63 | import { useRouter } from "next/navigation"
  64 | import useSWR from "swr"
  65 | import Link from "next/link"

'import', and 'export' cannot be used outside of module code

Import trace:
  Server Component:
    ./components/dashboard/audit-detail.tsx
    ./app/dashboard/audits/[id]/page.tsx @ http://localhost:3000/_next/static/chunks/node_modules_next_dist_7a8122d0._.js:3117
[ 2894719ms] [LOG] [Fast Refresh] rebuilding @ http://localhost:3000/_next/static/chunks/node_modules_next_dist_7a8122d0._.js:2287
[ 2904612ms] [ERROR] ./components/dashboard/audit-detail.tsx:62:3
Parsing ecmascript source code failed
  60 |
  61 |   // While rewards are settling on-chain, reconcile with Circle and refresh.
> 62 |   import { useEffect } from "react"
     |   ^^^^^^
  63 | import { useRouter } from "next/navigation"
  64 | import useSWR from "swr"
  65 | import Link from "next/link"

'import', and 'export' cannot be used outside of module code

Import trace:
  Server Component:
    ./components/dashboard/audit-detail.tsx
    ./app/dashboard/audits/[id]/page.tsx @ http://localhost:3000/_next/static/chunks/node_modules_next_dist_7a8122d0._.js:3117
[ 2904677ms] [LOG] [Fast Refresh] rebuilding @ http://localhost:3000/_next/static/chunks/node_modules_next_dist_7a8122d0._.js:2287
[ 2905451ms] [ERROR] ./components/dashboard/audit-detail.tsx:62:3
Parsing ecmascript source code failed
  60 |
  61 |   // While rewards are settling on-chain, reconcile with Circle and refresh.
> 62 |   import { useEffect } from "react"
     |   ^^^^^^
  63 | import { useRouter } from "next/navigation"
  64 | import useSWR from "swr"
  65 | import Link from "next/link"

'import', and 'export' cannot be used outside of module code

Import trace:
  Server Component:
    ./components/dashboard/audit-detail.tsx
    ./app/dashboard/audits/[id]/page.tsx @ http://localhost:3000/_next/static/chunks/node_modules_next_dist_7a8122d0._.js:3117
[ 2905500ms] [ERROR] ./components/dashboard/audit-detail.tsx:62:3
Parsing ecmascript source code failed
  60 |
  61 |   // While rewards are settling on-chain, reconcile with Circle and refresh.
> 62 |   import { useEffect } from "react"
     |   ^^^^^^
  63 | import { useRouter } from "next/navigation"
  64 | import useSWR from "swr"
  65 | import Link from "next/link"

'import', and 'export' cannot be used outside of module code

Import trace:
  Server Component:
    ./components/dashboard/audit-detail.tsx
    ./app/dashboard/audits/[id]/page.tsx @ http://localhost:3000/_next/static/chunks/node_modules_next_dist_7a8122d0._.js:3117
[ 2905565ms] [LOG] [Fast Refresh] rebuilding @ http://localhost:3000/_next/static/chunks/node_modules_next_dist_7a8122d0._.js:2287
[ 2916659ms] [ERROR] ./components/dashboard/audit-detail.tsx:62:3
Parsing ecmascript source code failed
  60 |
  61 |   // While rewards are settling on-chain, reconcile with Circle and refresh.
> 62 |   import { useEffect } from "react"
     |   ^^^^^^
  63 | import { useRouter } from "next/navigation"
  64 | import useSWR from "swr"
  65 | import Link from "next/link"

'import', and 'export' cannot be used outside of module code

Import trace:
  Server Component:
    ./components/dashboard/audit-detail.tsx
    ./app/dashboard/audits/[id]/page.tsx @ http://localhost:3000/_next/static/chunks/node_modules_next_dist_7a8122d0._.js:3117
[ 2916730ms] [LOG] [Fast Refresh] rebuilding @ http://localhost:3000/_next/static/chunks/node_modules_next_dist_7a8122d0._.js:2287
[ 2921080ms] [ERROR] ./components/dashboard/audit-detail.tsx:62:3
Parsing ecmascript source code failed
  60 |
  61 |   // While rewards are settling on-chain, reconcile with Circle and refresh.
> 62 |   import { useEffect } from "react"
     |   ^^^^^^
  63 | import { useRouter } from "next/navigation"
  64 | import useSWR from "swr"
  65 | import Link from "next/link"

'import', and 'export' cannot be used outside of module code

Import trace:
  Server Component:
    ./components/dashboard/audit-detail.tsx
    ./app/dashboard/audits/[id]/page.tsx @ http://localhost:3000/_next/static/chunks/node_modules_next_dist_7a8122d0._.js:3117
[ 2921146ms] [LOG] [Fast Refresh] rebuilding @ http://localhost:3000/_next/static/chunks/node_modules_next_dist_7a8122d0._.js:2287
[ 2922823ms] [ERROR] ./components/dashboard/audit-detail.tsx:62:3
Parsing ecmascript source code failed
  60 |
  61 |   // While rewards are settling on-chain, reconcile with Circle and refresh.
> 62 |   import { useEffect } from "react"
     |   ^^^^^^
  63 | import { useRouter } from "next/navigation"
  64 | import useSWR from "swr"
  65 | import Link from "next/link"

'import', and 'export' cannot be used outside of module code

Import trace:
  Server Component:
    ./components/dashboard/audit-detail.tsx
    ./app/dashboard/audits/[id]/page.tsx @ http://localhost:3000/_next/static/chunks/node_modules_next_dist_7a8122d0._.js:3117
[ 2922889ms] [LOG] [Fast Refresh] rebuilding @ http://localhost:3000/_next/static/chunks/node_modules_next_dist_7a8122d0._.js:2287
[ 2927503ms] [ERROR] ./components/dashboard/audit-detail.tsx:62:3
Parsing ecmascript source code failed
  60 |
  61 |   // While rewards are settling on-chain, reconcile with Circle and refresh.
> 62 |   import { useEffect } from "react"
     |   ^^^^^^
  63 | import { useRouter } from "next/navigation"
  64 | import useSWR from "swr"
  65 | import Link from "next/link"

'import', and 'export' cannot be used outside of module code

Import trace:
  Server Component:
    ./components/dashboard/audit-detail.tsx
    ./app/dashboard/audits/[id]/page.tsx @ http://localhost:3000/_next/static/chunks/node_modules_next_dist_7a8122d0._.js:3117
[ 2927576ms] [LOG] [Fast Refresh] rebuilding @ http://localhost:3000/_next/static/chunks/node_modules_next_dist_7a8122d0._.js:2287
[ 2928460ms] [LOG] [Fast Refresh] rebuilding @ http://localhost:3000/_next/static/chunks/node_modules_next_dist_7a8122d0._.js:2287
[ 2928461ms] [ERROR] ./components/dashboard/audit-detail.tsx:216:5
Parsing ecmascript source code failed
  214 |   )
  215 | }
> 216 |     return (
      |     ^^^^^^^^
> 217 |       <div className="flex flex-col gap-4">
      | ^^^^^^^^^^^^^^^^^^^^^^^^^^^^^^^^^^^^^^^^^^^
> 218 |         <Skeleton className="h-8 w-64" />
      | ^^^^^^^^^^^^^^^^^^^^^^^^^^^^^^^^^^^^^^^^^^^
> 219 |         <Skeleton className="h-40 w-full rounded-xl" />
      | ^^^^^^^^^^^^^^^^^^^^^^^^^^^^^^^^^^^^^^^^^^^
> 220 |         <Skeleton className="h-40 w-full rounded-xl" />
      | ^^^^^^^^^^^^^^^^^^^^^^^^^^^^^^^^^^^^^^^^^^^
> 221 |       </div>
      | ^^^^^^^^^^^^^^^^^^^^^^^^^^^^^^^^^^^^^^^^^^^
> 222 |     )
      | ^^^^^^
  223 |   }
  224 |
  225 |   if (!data?.audit) {

Return statement is not allowed here

Import trace:
  Server Component:
    ./components/dashboard/audit-detail.tsx
    ./app/dashboard/audits/[id]/page.tsx @ http://localhost:3000/_next/static/chunks/node_modules_next_dist_7a8122d0._.js:3117
[ 2937047ms] [ERROR] ./components/dashboard/audit-detail.tsx:216:5
Parsing ecmascript source code failed
  214 |   )
  215 | }
> 216 |     return (
      |     ^^^^^^^^
> 217 |       <div className="flex flex-col gap-4">
      | ^^^^^^^^^^^^^^^^^^^^^^^^^^^^^^^^^^^^^^^^^^^
> 218 |         <Skeleton className="h-8 w-64" />
      | ^^^^^^^^^^^^^^^^^^^^^^^^^^^^^^^^^^^^^^^^^^^
> 219 |         <Skeleton className="h-40 w-full rounded-xl" />
      | ^^^^^^^^^^^^^^^^^^^^^^^^^^^^^^^^^^^^^^^^^^^
> 220 |         <Skeleton className="h-40 w-full rounded-xl" />
      | ^^^^^^^^^^^^^^^^^^^^^^^^^^^^^^^^^^^^^^^^^^^
> 221 |       </div>
      | ^^^^^^^^^^^^^^^^^^^^^^^^^^^^^^^^^^^^^^^^^^^
> 222 |     )
      | ^^^^^^
  223 |   }
  224 |
  225 |   if (!data?.audit) {

Return statement is not allowed here

Import trace:
  Server Component:
    ./components/dashboard/audit-detail.tsx
    ./app/dashboard/audits/[id]/page.tsx @ http://localhost:3000/_next/static/chunks/node_modules_next_dist_7a8122d0._.js:3117
[ 2937109ms] [LOG] [Fast Refresh] rebuilding @ http://localhost:3000/_next/static/chunks/node_modules_next_dist_7a8122d0._.js:2287
[ 2938406ms] [ERROR] ./components/dashboard/audit-detail.tsx:216:5
Parsing ecmascript source code failed
  214 |   )
  215 | }
> 216 |     return (
      |     ^^^^^^^^
> 217 |       <div className="flex flex-col gap-4">
      | ^^^^^^^^^^^^^^^^^^^^^^^^^^^^^^^^^^^^^^^^^^^
> 218 |         <Skeleton className="h-8 w-64" />
      | ^^^^^^^^^^^^^^^^^^^^^^^^^^^^^^^^^^^^^^^^^^^
> 219 |         <Skeleton className="h-40 w-full rounded-xl" />
      | ^^^^^^^^^^^^^^^^^^^^^^^^^^^^^^^^^^^^^^^^^^^
> 220 |         <Skeleton className="h-40 w-full rounded-xl" />
      | ^^^^^^^^^^^^^^^^^^^^^^^^^^^^^^^^^^^^^^^^^^^
> 221 |       </div>
      | ^^^^^^^^^^^^^^^^^^^^^^^^^^^^^^^^^^^^^^^^^^^
> 222 |     )
      | ^^^^^^
  223 |   }
  224 |
  225 |   if (!data?.audit) {

Return statement is not allowed here

Import trace:
  Server Component:
    ./components/dashboard/audit-detail.tsx
    ./app/dashboard/audits/[id]/page.tsx @ http://localhost:3000/_next/static/chunks/node_modules_next_dist_7a8122d0._.js:3117
[ 2938484ms] [LOG] [Fast Refresh] rebuilding @ http://localhost:3000/_next/static/chunks/node_modules_next_dist_7a8122d0._.js:2287
[ 2941001ms] [ERROR] ./components/dashboard/audit-detail.tsx:216:5
Parsing ecmascript source code failed
  214 |   )
  215 | }
> 216 |     return (
      |     ^^^^^^^^
> 217 |       <div className="flex flex-col gap-4">
      | ^^^^^^^^^^^^^^^^^^^^^^^^^^^^^^^^^^^^^^^^^^^
> 218 |         <Skeleton className="h-8 w-64" />
      | ^^^^^^^^^^^^^^^^^^^^^^^^^^^^^^^^^^^^^^^^^^^
> 219 |         <Skeleton className="h-40 w-full rounded-xl" />
      | ^^^^^^^^^^^^^^^^^^^^^^^^^^^^^^^^^^^^^^^^^^^
> 220 |         <Skeleton className="h-40 w-full rounded-xl" />
      | ^^^^^^^^^^^^^^^^^^^^^^^^^^^^^^^^^^^^^^^^^^^
> 221 |       </div>
      | ^^^^^^^^^^^^^^^^^^^^^^^^^^^^^^^^^^^^^^^^^^^
> 222 |     )
      | ^^^^^^
  223 |   }
  224 |
  225 |   if (!data?.audit) {

Return statement is not allowed here

Import trace:
  Server Component:
    ./components/dashboard/audit-detail.tsx
    ./app/dashboard/audits/[id]/page.tsx @ http://localhost:3000/_next/static/chunks/node_modules_next_dist_7a8122d0._.js:3117
[ 2941066ms] [LOG] [Fast Refresh] rebuilding @ http://localhost:3000/_next/static/chunks/node_modules_next_dist_7a8122d0._.js:2287
[ 2949528ms] [ERROR] ./components/dashboard/audit-detail.tsx:216:5
Parsing ecmascript source code failed
  214 |   )
  215 | }
> 216 |     return (
      |     ^^^^^^^^
> 217 |       <div className="flex flex-col gap-4">
      | ^^^^^^^^^^^^^^^^^^^^^^^^^^^^^^^^^^^^^^^^^^^
> 218 |         <Skeleton className="h-8 w-64" />
      | ^^^^^^^^^^^^^^^^^^^^^^^^^^^^^^^^^^^^^^^^^^^
> 219 |         <Skeleton className="h-40 w-full rounded-xl" />
      | ^^^^^^^^^^^^^^^^^^^^^^^^^^^^^^^^^^^^^^^^^^^
> 220 |         <Skeleton className="h-40 w-full rounded-xl" />
      | ^^^^^^^^^^^^^^^^^^^^^^^^^^^^^^^^^^^^^^^^^^^
> 221 |       </div>
      | ^^^^^^^^^^^^^^^^^^^^^^^^^^^^^^^^^^^^^^^^^^^
> 222 |     )
      | ^^^^^^
  223 |   }
  224 |
  225 |   if (!data?.audit) {

Return statement is not allowed here

Import trace:
  Server Component:
    ./components/dashboard/audit-detail.tsx
    ./app/dashboard/audits/[id]/page.tsx @ http://localhost:3000/_next/static/chunks/node_modules_next_dist_7a8122d0._.js:3117
[ 2949587ms] [LOG] [Fast Refresh] rebuilding @ http://localhost:3000/_next/static/chunks/node_modules_next_dist_7a8122d0._.js:2287
[ 2952624ms] [ERROR] ./components/dashboard/audit-detail.tsx:216:5
Parsing ecmascript source code failed
  214 |   )
  215 | }
> 216 |     return (
      |     ^^^^^^^^
> 217 |       <div className="flex flex-col gap-4">
      | ^^^^^^^^^^^^^^^^^^^^^^^^^^^^^^^^^^^^^^^^^^^
> 218 |         <Skeleton className="h-8 w-64" />
      | ^^^^^^^^^^^^^^^^^^^^^^^^^^^^^^^^^^^^^^^^^^^
> 219 |         <Skeleton className="h-40 w-full rounded-xl" />
      | ^^^^^^^^^^^^^^^^^^^^^^^^^^^^^^^^^^^^^^^^^^^
> 220 |         <Skeleton className="h-40 w-full rounded-xl" />
      | ^^^^^^^^^^^^^^^^^^^^^^^^^^^^^^^^^^^^^^^^^^^
> 221 |       </div>
      | ^^^^^^^^^^^^^^^^^^^^^^^^^^^^^^^^^^^^^^^^^^^
> 222 |     )
      | ^^^^^^
  223 |   }
  224 |
  225 |   if (!data?.audit) {

Return statement is not allowed here

Import trace:
  Server Component:
    ./components/dashboard/audit-detail.tsx
    ./app/dashboard/audits/[id]/page.tsx @ http://localhost:3000/_next/static/chunks/node_modules_next_dist_7a8122d0._.js:3117
[ 2952683ms] [LOG] [Fast Refresh] rebuilding @ http://localhost:3000/_next/static/chunks/node_modules_next_dist_7a8122d0._.js:2287
[ 2959335ms] [ERROR] ./components/dashboard/audit-detail.tsx:216:5
Parsing ecmascript source code failed
  214 |   )
  215 | }
> 216 |     return (
      |     ^^^^^^^^
> 217 |       <div className="flex flex-col gap-4">
      | ^^^^^^^^^^^^^^^^^^^^^^^^^^^^^^^^^^^^^^^^^^^
> 218 |         <Skeleton className="h-8 w-64" />
      | ^^^^^^^^^^^^^^^^^^^^^^^^^^^^^^^^^^^^^^^^^^^
> 219 |         <Skeleton className="h-40 w-full rounded-xl" />
      | ^^^^^^^^^^^^^^^^^^^^^^^^^^^^^^^^^^^^^^^^^^^
> 220 |         <Skeleton className="h-40 w-full rounded-xl" />
      | ^^^^^^^^^^^^^^^^^^^^^^^^^^^^^^^^^^^^^^^^^^^
> 221 |       </div>
      | ^^^^^^^^^^^^^^^^^^^^^^^^^^^^^^^^^^^^^^^^^^^
> 222 |     )
      | ^^^^^^
  223 |   }
  224 |
  225 |   if (!data?.audit) {

Return statement is not allowed here

Import trace:
  Server Component:
    ./components/dashboard/audit-detail.tsx
    ./app/dashboard/audits/[id]/page.tsx @ http://localhost:3000/_next/static/chunks/node_modules_next_dist_7a8122d0._.js:3117
[ 2959398ms] [LOG] [Fast Refresh] rebuilding @ http://localhost:3000/_next/static/chunks/node_modules_next_dist_7a8122d0._.js:2287
[ 2960279ms] [ERROR] ./components/dashboard/audit-detail.tsx:216:5
Parsing ecmascript source code failed
  214 |   )
  215 | }
> 216 |     return (
      |     ^^^^^^^^
> 217 |       <div className="flex flex-col gap-4">
      | ^^^^^^^^^^^^^^^^^^^^^^^^^^^^^^^^^^^^^^^^^^^
> 218 |         <Skeleton className="h-8 w-64" />
      | ^^^^^^^^^^^^^^^^^^^^^^^^^^^^^^^^^^^^^^^^^^^
> 219 |         <Skeleton className="h-40 w-full rounded-xl" />
      | ^^^^^^^^^^^^^^^^^^^^^^^^^^^^^^^^^^^^^^^^^^^
> 220 |         <Skeleton className="h-40 w-full rounded-xl" />
      | ^^^^^^^^^^^^^^^^^^^^^^^^^^^^^^^^^^^^^^^^^^^
> 221 |       </div>
      | ^^^^^^^^^^^^^^^^^^^^^^^^^^^^^^^^^^^^^^^^^^^
> 222 |     )
      | ^^^^^^
  223 |   }
  224 |
  225 |   if (!data?.audit) {

Return statement is not allowed here

Import trace:
  Server Component:
    ./components/dashboard/audit-detail.tsx
    ./app/dashboard/audits/[id]/page.tsx @ http://localhost:3000/_next/static/chunks/node_modules_next_dist_7a8122d0._.js:3117
[ 2960342ms] [LOG] [Fast Refresh] rebuilding @ http://localhost:3000/_next/static/chunks/node_modules_next_dist_7a8122d0._.js:2287
[ 2968526ms] [ERROR] ./components/dashboard/audit-detail.tsx:216:5
Parsing ecmascript source code failed
  214 |   )
  215 | }
> 216 |     return (
      |     ^^^^^^^^
> 217 |       <div className="flex flex-col gap-4">
      | ^^^^^^^^^^^^^^^^^^^^^^^^^^^^^^^^^^^^^^^^^^^
> 218 |         <Skeleton className="h-8 w-64" />
      | ^^^^^^^^^^^^^^^^^^^^^^^^^^^^^^^^^^^^^^^^^^^
> 219 |         <Skeleton className="h-40 w-full rounded-xl" />
      | ^^^^^^^^^^^^^^^^^^^^^^^^^^^^^^^^^^^^^^^^^^^
> 220 |         <Skeleton className="h-40 w-full rounded-xl" />
      | ^^^^^^^^^^^^^^^^^^^^^^^^^^^^^^^^^^^^^^^^^^^
> 221 |       </div>
      | ^^^^^^^^^^^^^^^^^^^^^^^^^^^^^^^^^^^^^^^^^^^
> 222 |     )
      | ^^^^^^
  223 |   }
  224 |
  225 |   if (!data?.audit) {

Return statement is not allowed here

Import trace:
  Server Component:
    ./components/dashboard/audit-detail.tsx
    ./app/dashboard/audits/[id]/page.tsx @ http://localhost:3000/_next/static/chunks/node_modules_next_dist_7a8122d0._.js:3117
[ 2968589ms] [LOG] [Fast Refresh] rebuilding @ http://localhost:3000/_next/static/chunks/node_modules_next_dist_7a8122d0._.js:2287
[ 2969649ms] [ERROR] ./components/dashboard/audit-detail.tsx:216:5
Parsing ecmascript source code failed
  214 |   )
  215 | }
> 216 |     return (
      |     ^^^^^^^^
> 217 |       <div className="flex flex-col gap-4">
      | ^^^^^^^^^^^^^^^^^^^^^^^^^^^^^^^^^^^^^^^^^^^
> 218 |         <Skeleton className="h-8 w-64" />
      | ^^^^^^^^^^^^^^^^^^^^^^^^^^^^^^^^^^^^^^^^^^^
> 219 |         <Skeleton className="h-40 w-full rounded-xl" />
      | ^^^^^^^^^^^^^^^^^^^^^^^^^^^^^^^^^^^^^^^^^^^
> 220 |         <Skeleton className="h-40 w-full rounded-xl" />
      | ^^^^^^^^^^^^^^^^^^^^^^^^^^^^^^^^^^^^^^^^^^^
> 221 |       </div>
      | ^^^^^^^^^^^^^^^^^^^^^^^^^^^^^^^^^^^^^^^^^^^
> 222 |     )
      | ^^^^^^
  223 |   }
  224 |
  225 |   if (!data?.audit) {

Return statement is not allowed here

Import trace:
  Server Component:
    ./components/dashboard/audit-detail.tsx
    ./app/dashboard/audits/[id]/page.tsx @ http://localhost:3000/_next/static/chunks/node_modules_next_dist_7a8122d0._.js:3117
[ 2969714ms] [LOG] [Fast Refresh] rebuilding @ http://localhost:3000/_next/static/chunks/node_modules_next_dist_7a8122d0._.js:2287
[ 2971078ms] [ERROR] ./components/dashboard/audit-detail.tsx:216:5
Parsing ecmascript source code failed
  214 |   )
  215 | }
> 216 |     return (
      |     ^^^^^^^^
> 217 |       <div className="flex flex-col gap-4">
      | ^^^^^^^^^^^^^^^^^^^^^^^^^^^^^^^^^^^^^^^^^^^
> 218 |         <Skeleton className="h-8 w-64" />
      | ^^^^^^^^^^^^^^^^^^^^^^^^^^^^^^^^^^^^^^^^^^^
> 219 |         <Skeleton className="h-40 w-full rounded-xl" />
      | ^^^^^^^^^^^^^^^^^^^^^^^^^^^^^^^^^^^^^^^^^^^
> 220 |         <Skeleton className="h-40 w-full rounded-xl" />
      | ^^^^^^^^^^^^^^^^^^^^^^^^^^^^^^^^^^^^^^^^^^^
> 221 |       </div>
      | ^^^^^^^^^^^^^^^^^^^^^^^^^^^^^^^^^^^^^^^^^^^
> 222 |     )
      | ^^^^^^
  223 |   }
  224 |
  225 |   if (!data?.audit) {

Return statement is not allowed here

Import trace:
  Server Component:
    ./components/dashboard/audit-detail.tsx
    ./app/dashboard/audits/[id]/page.tsx @ http://localhost:3000/_next/static/chunks/node_modules_next_dist_7a8122d0._.js:3117
[ 2971136ms] [LOG] [Fast Refresh] rebuilding @ http://localhost:3000/_next/static/chunks/node_modules_next_dist_7a8122d0._.js:2287
[ 2977883ms] [ERROR] ./components/dashboard/audit-detail.tsx:216:5
Parsing ecmascript source code failed
  214 |   )
  215 | }
> 216 |     return (
      |     ^^^^^^^^
> 217 |       <div className="flex flex-col gap-4">
      | ^^^^^^^^^^^^^^^^^^^^^^^^^^^^^^^^^^^^^^^^^^^
> 218 |         <Skeleton className="h-8 w-64" />
      | ^^^^^^^^^^^^^^^^^^^^^^^^^^^^^^^^^^^^^^^^^^^
> 219 |         <Skeleton className="h-40 w-full rounded-xl" />
      | ^^^^^^^^^^^^^^^^^^^^^^^^^^^^^^^^^^^^^^^^^^^
> 220 |         <Skeleton className="h-40 w-full rounded-xl" />
      | ^^^^^^^^^^^^^^^^^^^^^^^^^^^^^^^^^^^^^^^^^^^
> 221 |       </div>
      | ^^^^^^^^^^^^^^^^^^^^^^^^^^^^^^^^^^^^^^^^^^^
> 222 |     )
      | ^^^^^^
  223 |   }
  224 |
  225 |   if (!data?.audit) {

Return statement is not allowed here

Import trace:
  Server Component:
    ./components/dashboard/audit-detail.tsx
    ./app/dashboard/audits/[id]/page.tsx @ http://localhost:3000/_next/static/chunks/node_modules_next_dist_7a8122d0._.js:3117
[ 2977957ms] [LOG] [Fast Refresh] rebuilding @ http://localhost:3000/_next/static/chunks/node_modules_next_dist_7a8122d0._.js:2287
[ 2981924ms] [ERROR] ./components/dashboard/audit-detail.tsx:216:5
Parsing ecmascript source code failed
  214 |   )
  215 | }
> 216 |     return (
      |     ^^^^^^^^
> 217 |       <div className="flex flex-col gap-4">
      | ^^^^^^^^^^^^^^^^^^^^^^^^^^^^^^^^^^^^^^^^^^^
> 218 |         <Skeleton className="h-8 w-64" />
      | ^^^^^^^^^^^^^^^^^^^^^^^^^^^^^^^^^^^^^^^^^^^
> 219 |         <Skeleton className="h-40 w-full rounded-xl" />
      | ^^^^^^^^^^^^^^^^^^^^^^^^^^^^^^^^^^^^^^^^^^^
> 220 |         <Skeleton className="h-40 w-full rounded-xl" />
      | ^^^^^^^^^^^^^^^^^^^^^^^^^^^^^^^^^^^^^^^^^^^
> 221 |       </div>
      | ^^^^^^^^^^^^^^^^^^^^^^^^^^^^^^^^^^^^^^^^^^^
> 222 |     )
      | ^^^^^^
  223 |   }
  224 |
  225 |   if (!data?.audit) {

Return statement is not allowed here

Import trace:
  Server Component:
    ./components/dashboard/audit-detail.tsx
    ./app/dashboard/audits/[id]/page.tsx @ http://localhost:3000/_next/static/chunks/node_modules_next_dist_7a8122d0._.js:3117
[ 2981990ms] [LOG] [Fast Refresh] rebuilding @ http://localhost:3000/_next/static/chunks/node_modules_next_dist_7a8122d0._.js:2287
[ 2984120ms] [ERROR] ./components/dashboard/audit-detail.tsx:216:5
Parsing ecmascript source code failed
  214 |   )
  215 | }
> 216 |     return (
      |     ^^^^^^^^
> 217 |       <div className="flex flex-col gap-4">
      | ^^^^^^^^^^^^^^^^^^^^^^^^^^^^^^^^^^^^^^^^^^^
> 218 |         <Skeleton className="h-8 w-64" />
      | ^^^^^^^^^^^^^^^^^^^^^^^^^^^^^^^^^^^^^^^^^^^
> 219 |         <Skeleton className="h-40 w-full rounded-xl" />
      | ^^^^^^^^^^^^^^^^^^^^^^^^^^^^^^^^^^^^^^^^^^^
> 220 |         <Skeleton className="h-40 w-full rounded-xl" />
      | ^^^^^^^^^^^^^^^^^^^^^^^^^^^^^^^^^^^^^^^^^^^
> 221 |       </div>
      | ^^^^^^^^^^^^^^^^^^^^^^^^^^^^^^^^^^^^^^^^^^^
> 222 |     )
      | ^^^^^^
  223 |   }
  224 |
  225 |   if (!data?.audit) {

Return statement is not allowed here

Import trace:
  Server Component:
    ./components/dashboard/audit-detail.tsx
    ./app/dashboard/audits/[id]/page.tsx @ http://localhost:3000/_next/static/chunks/node_modules_next_dist_7a8122d0._.js:3117
[ 2984185ms] [LOG] [Fast Refresh] rebuilding @ http://localhost:3000/_next/static/chunks/node_modules_next_dist_7a8122d0._.js:2287
[ 2993050ms] [ERROR] ./components/dashboard/audit-detail.tsx:216:5
Parsing ecmascript source code failed
  214 |   )
  215 | }
> 216 |     return (
      |     ^^^^^^^^
> 217 |       <div className="flex flex-col gap-4">
      | ^^^^^^^^^^^^^^^^^^^^^^^^^^^^^^^^^^^^^^^^^^^
> 218 |         <Skeleton className="h-8 w-64" />
      | ^^^^^^^^^^^^^^^^^^^^^^^^^^^^^^^^^^^^^^^^^^^
> 219 |         <Skeleton className="h-40 w-full rounded-xl" />
      | ^^^^^^^^^^^^^^^^^^^^^^^^^^^^^^^^^^^^^^^^^^^
> 220 |         <Skeleton className="h-40 w-full rounded-xl" />
      | ^^^^^^^^^^^^^^^^^^^^^^^^^^^^^^^^^^^^^^^^^^^
> 221 |       </div>
      | ^^^^^^^^^^^^^^^^^^^^^^^^^^^^^^^^^^^^^^^^^^^
> 222 |     )
      | ^^^^^^
  223 |   }
  224 |
  225 |   if (!data?.audit) {

Return statement is not allowed here

Import trace:
  Server Component:
    ./components/dashboard/audit-detail.tsx
    ./app/dashboard/audits/[id]/page.tsx @ http://localhost:3000/_next/static/chunks/node_modules_next_dist_7a8122d0._.js:3117
[ 2993119ms] [LOG] [Fast Refresh] rebuilding @ http://localhost:3000/_next/static/chunks/node_modules_next_dist_7a8122d0._.js:2287
[ 2995877ms] [ERROR] ./components/dashboard/audit-detail.tsx:216:5
Parsing ecmascript source code failed
  214 |   )
  215 | }
> 216 |     return (
      |     ^^^^^^^^
> 217 |       <div className="flex flex-col gap-4">
      | ^^^^^^^^^^^^^^^^^^^^^^^^^^^^^^^^^^^^^^^^^^^
> 218 |         <Skeleton className="h-8 w-64" />
      | ^^^^^^^^^^^^^^^^^^^^^^^^^^^^^^^^^^^^^^^^^^^
> 219 |         <Skeleton className="h-40 w-full rounded-xl" />
      | ^^^^^^^^^^^^^^^^^^^^^^^^^^^^^^^^^^^^^^^^^^^
> 220 |         <Skeleton className="h-40 w-full rounded-xl" />
      | ^^^^^^^^^^^^^^^^^^^^^^^^^^^^^^^^^^^^^^^^^^^
> 221 |       </div>
      | ^^^^^^^^^^^^^^^^^^^^^^^^^^^^^^^^^^^^^^^^^^^
> 222 |     )
      | ^^^^^^
  223 |   }
  224 |
  225 |   if (!data?.audit) {

Return statement is not allowed here

Import trace:
  Server Component:
    ./components/dashboard/audit-detail.tsx
    ./app/dashboard/audits/[id]/page.tsx @ http://localhost:3000/_next/static/chunks/node_modules_next_dist_7a8122d0._.js:3117
[ 2995941ms] [LOG] [Fast Refresh] rebuilding @ http://localhost:3000/_next/static/chunks/node_modules_next_dist_7a8122d0._.js:2287
[ 2999694ms] [ERROR] ./components/dashboard/audit-detail.tsx:216:5
Parsing ecmascript source code failed
  214 |   )
  215 | }
> 216 |     return (
      |     ^^^^^^^^
> 217 |       <div className="flex flex-col gap-4">
      | ^^^^^^^^^^^^^^^^^^^^^^^^^^^^^^^^^^^^^^^^^^^
> 218 |         <Skeleton className="h-8 w-64" />
      | ^^^^^^^^^^^^^^^^^^^^^^^^^^^^^^^^^^^^^^^^^^^
> 219 |         <Skeleton className="h-40 w-full rounded-xl" />
      | ^^^^^^^^^^^^^^^^^^^^^^^^^^^^^^^^^^^^^^^^^^^
> 220 |         <Skeleton className="h-40 w-full rounded-xl" />
      | ^^^^^^^^^^^^^^^^^^^^^^^^^^^^^^^^^^^^^^^^^^^
> 221 |       </div>
      | ^^^^^^^^^^^^^^^^^^^^^^^^^^^^^^^^^^^^^^^^^^^
> 222 |     )
      | ^^^^^^
  223 |   }
  224 |
  225 |   if (!data?.audit) {

Return statement is not allowed here

Import trace:
  Server Component:
    ./components/dashboard/audit-detail.tsx
    ./app/dashboard/audits/[id]/page.tsx @ http://localhost:3000/_next/static/chunks/node_modules_next_dist_7a8122d0._.js:3117
[ 2999766ms] [LOG] [Fast Refresh] rebuilding @ http://localhost:3000/_next/static/chunks/node_modules_next_dist_7a8122d0._.js:2287
[ 3003903ms] [ERROR] ./components/dashboard/audit-detail.tsx:216:5
Parsing ecmascript source code failed
  214 |   )
  215 | }
> 216 |     return (
      |     ^^^^^^^^
> 217 |       <div className="flex flex-col gap-4">
      | ^^^^^^^^^^^^^^^^^^^^^^^^^^^^^^^^^^^^^^^^^^^
> 218 |         <Skeleton className="h-8 w-64" />
      | ^^^^^^^^^^^^^^^^^^^^^^^^^^^^^^^^^^^^^^^^^^^
> 219 |         <Skeleton className="h-40 w-full rounded-xl" />
      | ^^^^^^^^^^^^^^^^^^^^^^^^^^^^^^^^^^^^^^^^^^^
> 220 |         <Skeleton className="h-40 w-full rounded-xl" />
      | ^^^^^^^^^^^^^^^^^^^^^^^^^^^^^^^^^^^^^^^^^^^
> 221 |       </div>
      | ^^^^^^^^^^^^^^^^^^^^^^^^^^^^^^^^^^^^^^^^^^^
> 222 |     )
      | ^^^^^^
  223 |   }
  224 |
  225 |   if (!data?.audit) {

Return statement is not allowed here

Import trace:
  Server Component:
    ./components/dashboard/audit-detail.tsx
    ./app/dashboard/audits/[id]/page.tsx @ http://localhost:3000/_next/static/chunks/node_modules_next_dist_7a8122d0._.js:3117
[ 3003966ms] [LOG] [Fast Refresh] rebuilding @ http://localhost:3000/_next/static/chunks/node_modules_next_dist_7a8122d0._.js:2287
[ 3014263ms] [ERROR] ./components/dashboard/audit-detail.tsx:216:5
Parsing ecmascript source code failed
  214 |   )
  215 | }
> 216 |     return (
      |     ^^^^^^^^
> 217 |       <div className="flex flex-col gap-4">
      | ^^^^^^^^^^^^^^^^^^^^^^^^^^^^^^^^^^^^^^^^^^^
> 218 |         <Skeleton className="h-8 w-64" />
      | ^^^^^^^^^^^^^^^^^^^^^^^^^^^^^^^^^^^^^^^^^^^
> 219 |         <Skeleton className="h-40 w-full rounded-xl" />
      | ^^^^^^^^^^^^^^^^^^^^^^^^^^^^^^^^^^^^^^^^^^^
> 220 |         <Skeleton className="h-40 w-full rounded-xl" />
      | ^^^^^^^^^^^^^^^^^^^^^^^^^^^^^^^^^^^^^^^^^^^
> 221 |       </div>
      | ^^^^^^^^^^^^^^^^^^^^^^^^^^^^^^^^^^^^^^^^^^^
> 222 |     )
      | ^^^^^^
  223 |   }
  224 |
  225 |   if (!data?.audit) {

Return statement is not allowed here

Import trace:
  Server Component:
    ./components/dashboard/audit-detail.tsx
    ./app/dashboard/audits/[id]/page.tsx @ http://localhost:3000/_next/static/chunks/node_modules_next_dist_7a8122d0._.js:3117
[ 3014326ms] [LOG] [Fast Refresh] rebuilding @ http://localhost:3000/_next/static/chunks/node_modules_next_dist_7a8122d0._.js:2287
[ 3015117ms] [ERROR] ./components/dashboard/audit-detail.tsx:216:5
Parsing ecmascript source code failed
  214 |   )
  215 | }
> 216 |     return (
      |     ^^^^^^^^
> 217 |       <div className="flex flex-col gap-4">
      | ^^^^^^^^^^^^^^^^^^^^^^^^^^^^^^^^^^^^^^^^^^^
> 218 |         <Skeleton className="h-8 w-64" />
      | ^^^^^^^^^^^^^^^^^^^^^^^^^^^^^^^^^^^^^^^^^^^
> 219 |         <Skeleton className="h-40 w-full rounded-xl" />
      | ^^^^^^^^^^^^^^^^^^^^^^^^^^^^^^^^^^^^^^^^^^^
> 220 |         <Skeleton className="h-40 w-full rounded-xl" />
      | ^^^^^^^^^^^^^^^^^^^^^^^^^^^^^^^^^^^^^^^^^^^
> 221 |       </div>
      | ^^^^^^^^^^^^^^^^^^^^^^^^^^^^^^^^^^^^^^^^^^^
> 222 |     )
      | ^^^^^^
  223 |   }
  224 |
  225 |   if (!data?.audit) {

Return statement is not allowed here

Import trace:
  Server Component:
    ./components/dashboard/audit-detail.tsx
    ./app/dashboard/audits/[id]/page.tsx @ http://localhost:3000/_next/static/chunks/node_modules_next_dist_7a8122d0._.js:3117
[ 3015180ms] [LOG] [Fast Refresh] rebuilding @ http://localhost:3000/_next/static/chunks/node_modules_next_dist_7a8122d0._.js:2287
[ 3015277ms] [ERROR] ./components/dashboard/audit-detail.tsx:216:5
Parsing ecmascript source code failed
  214 |   )
  215 | }
> 216 |     return (
      |     ^^^^^^^^
> 217 |       <div className="flex flex-col gap-4">
      | ^^^^^^^^^^^^^^^^^^^^^^^^^^^^^^^^^^^^^^^^^^^
> 218 |         <Skeleton className="h-8 w-64" />
      | ^^^^^^^^^^^^^^^^^^^^^^^^^^^^^^^^^^^^^^^^^^^
> 219 |         <Skeleton className="h-40 w-full rounded-xl" />
      | ^^^^^^^^^^^^^^^^^^^^^^^^^^^^^^^^^^^^^^^^^^^
> 220 |         <Skeleton className="h-40 w-full rounded-xl" />
      | ^^^^^^^^^^^^^^^^^^^^^^^^^^^^^^^^^^^^^^^^^^^
> 221 |       </div>
      | ^^^^^^^^^^^^^^^^^^^^^^^^^^^^^^^^^^^^^^^^^^^
> 222 |     )
      | ^^^^^^
  223 |   }
  224 |
  225 |   if (!data?.audit) {

Return statement is not allowed here

Import trace:
  Server Component:
    ./components/dashboard/audit-detail.tsx
    ./app/dashboard/audits/[id]/page.tsx @ http://localhost:3000/_next/static/chunks/node_modules_next_dist_7a8122d0._.js:3117
[ 3015340ms] [LOG] [Fast Refresh] rebuilding @ http://localhost:3000/_next/static/chunks/node_modules_next_dist_7a8122d0._.js:2287
[ 3026542ms] [ERROR] ./components/dashboard/audit-detail.tsx:216:5
Parsing ecmascript source code failed
  214 |   )
  215 | }
> 216 |     return (
      |     ^^^^^^^^
> 217 |       <div className="flex flex-col gap-4">
      | ^^^^^^^^^^^^^^^^^^^^^^^^^^^^^^^^^^^^^^^^^^^
> 218 |         <Skeleton className="h-8 w-64" />
      | ^^^^^^^^^^^^^^^^^^^^^^^^^^^^^^^^^^^^^^^^^^^
> 219 |         <Skeleton className="h-40 w-full rounded-xl" />
      | ^^^^^^^^^^^^^^^^^^^^^^^^^^^^^^^^^^^^^^^^^^^
> 220 |         <Skeleton className="h-40 w-full rounded-xl" />
      | ^^^^^^^^^^^^^^^^^^^^^^^^^^^^^^^^^^^^^^^^^^^
> 221 |       </div>
      | ^^^^^^^^^^^^^^^^^^^^^^^^^^^^^^^^^^^^^^^^^^^
> 222 |     )
      | ^^^^^^
  223 |   }
  224 |
  225 |   if (!data?.audit) {

Return statement is not allowed here

Import trace:
  Server Component:
    ./components/dashboard/audit-detail.tsx
    ./app/dashboard/audits/[id]/page.tsx @ http://localhost:3000/_next/static/chunks/node_modules_next_dist_7a8122d0._.js:3117
[ 3026608ms] [LOG] [Fast Refresh] rebuilding @ http://localhost:3000/_next/static/chunks/node_modules_next_dist_7a8122d0._.js:2287
[ 3030817ms] [ERROR] ./components/dashboard/audit-detail.tsx:216:5
Parsing ecmascript source code failed
  214 |   )
  215 | }
> 216 |     return (
      |     ^^^^^^^^
> 217 |       <div className="flex flex-col gap-4">
      | ^^^^^^^^^^^^^^^^^^^^^^^^^^^^^^^^^^^^^^^^^^^
> 218 |         <Skeleton className="h-8 w-64" />
      | ^^^^^^^^^^^^^^^^^^^^^^^^^^^^^^^^^^^^^^^^^^^
> 219 |         <Skeleton className="h-40 w-full rounded-xl" />
      | ^^^^^^^^^^^^^^^^^^^^^^^^^^^^^^^^^^^^^^^^^^^
> 220 |         <Skeleton className="h-40 w-full rounded-xl" />
      | ^^^^^^^^^^^^^^^^^^^^^^^^^^^^^^^^^^^^^^^^^^^
> 221 |       </div>
      | ^^^^^^^^^^^^^^^^^^^^^^^^^^^^^^^^^^^^^^^^^^^
> 222 |     )
      | ^^^^^^
  223 |   }
  224 |
  225 |   if (!data?.audit) {

Return statement is not allowed here

Import trace:
  Server Component:
    ./components/dashboard/audit-detail.tsx
    ./app/dashboard/audits/[id]/page.tsx @ http://localhost:3000/_next/static/chunks/node_modules_next_dist_7a8122d0._.js:3117
[ 3030883ms] [LOG] [Fast Refresh] rebuilding @ http://localhost:3000/_next/static/chunks/node_modules_next_dist_7a8122d0._.js:2287
[ 3032306ms] [ERROR] ./components/dashboard/audit-detail.tsx:216:5
Parsing ecmascript source code failed
  214 |   )
  215 | }
> 216 |     return (
      |     ^^^^^^^^
> 217 |       <div className="flex flex-col gap-4">
      | ^^^^^^^^^^^^^^^^^^^^^^^^^^^^^^^^^^^^^^^^^^^
> 218 |         <Skeleton className="h-8 w-64" />
      | ^^^^^^^^^^^^^^^^^^^^^^^^^^^^^^^^^^^^^^^^^^^
> 219 |         <Skeleton className="h-40 w-full rounded-xl" />
      | ^^^^^^^^^^^^^^^^^^^^^^^^^^^^^^^^^^^^^^^^^^^
> 220 |         <Skeleton className="h-40 w-full rounded-xl" />
      | ^^^^^^^^^^^^^^^^^^^^^^^^^^^^^^^^^^^^^^^^^^^
> 221 |       </div>
      | ^^^^^^^^^^^^^^^^^^^^^^^^^^^^^^^^^^^^^^^^^^^
> 222 |     )
      | ^^^^^^
  223 |   }
  224 |
  225 |   if (!data?.audit) {

Return statement is not allowed here

Import trace:
  Server Component:
    ./components/dashboard/audit-detail.tsx
    ./app/dashboard/audits/[id]/page.tsx @ http://localhost:3000/_next/static/chunks/node_modules_next_dist_7a8122d0._.js:3117
[ 3032372ms] [LOG] [Fast Refresh] rebuilding @ http://localhost:3000/_next/static/chunks/node_modules_next_dist_7a8122d0._.js:2287
[ 3037326ms] [ERROR] ./components/dashboard/audit-detail.tsx:216:5
Parsing ecmascript source code failed
  214 |   )
  215 | }
> 216 |     return (
      |     ^^^^^^^^
> 217 |       <div className="flex flex-col gap-4">
      | ^^^^^^^^^^^^^^^^^^^^^^^^^^^^^^^^^^^^^^^^^^^
> 218 |         <Skeleton className="h-8 w-64" />
      | ^^^^^^^^^^^^^^^^^^^^^^^^^^^^^^^^^^^^^^^^^^^
> 219 |         <Skeleton className="h-40 w-full rounded-xl" />
      | ^^^^^^^^^^^^^^^^^^^^^^^^^^^^^^^^^^^^^^^^^^^
> 220 |         <Skeleton className="h-40 w-full rounded-xl" />
      | ^^^^^^^^^^^^^^^^^^^^^^^^^^^^^^^^^^^^^^^^^^^
> 221 |       </div>
      | ^^^^^^^^^^^^^^^^^^^^^^^^^^^^^^^^^^^^^^^^^^^
> 222 |     )
      | ^^^^^^
  223 |   }
  224 |
  225 |   if (!data?.audit) {

Return statement is not allowed here

Import trace:
  Server Component:
    ./components/dashboard/audit-detail.tsx
    ./app/dashboard/audits/[id]/page.tsx @ http://localhost:3000/_next/static/chunks/node_modules_next_dist_7a8122d0._.js:3117
[ 3037396ms] [LOG] [Fast Refresh] rebuilding @ http://localhost:3000/_next/static/chunks/node_modules_next_dist_7a8122d0._.js:2287
[ 3046781ms] [ERROR] ./components/dashboard/audit-detail.tsx:216:5
Parsing ecmascript source code failed
  214 |   )
  215 | }
> 216 |     return (
      |     ^^^^^^^^
> 217 |       <div className="flex flex-col gap-4">
      | ^^^^^^^^^^^^^^^^^^^^^^^^^^^^^^^^^^^^^^^^^^^
> 218 |         <Skeleton className="h-8 w-64" />
      | ^^^^^^^^^^^^^^^^^^^^^^^^^^^^^^^^^^^^^^^^^^^
> 219 |         <Skeleton className="h-40 w-full rounded-xl" />
      | ^^^^^^^^^^^^^^^^^^^^^^^^^^^^^^^^^^^^^^^^^^^
> 220 |         <Skeleton className="h-40 w-full rounded-xl" />
      | ^^^^^^^^^^^^^^^^^^^^^^^^^^^^^^^^^^^^^^^^^^^
> 221 |       </div>
      | ^^^^^^^^^^^^^^^^^^^^^^^^^^^^^^^^^^^^^^^^^^^
> 222 |     )
      | ^^^^^^
  223 |   }
  224 |
  225 |   if (!data?.audit) {

Return statement is not allowed here

Import trace:
  Server Component:
    ./components/dashboard/audit-detail.tsx
    ./app/dashboard/audits/[id]/page.tsx @ http://localhost:3000/_next/static/chunks/node_modules_next_dist_7a8122d0._.js:3117
[ 3046848ms] [LOG] [Fast Refresh] rebuilding @ http://localhost:3000/_next/static/chunks/node_modules_next_dist_7a8122d0._.js:2287
[ 3048149ms] [ERROR] ./components/dashboard/audit-detail.tsx:216:5
Parsing ecmascript source code failed
  214 |   )
  215 | }
> 216 |     return (
      |     ^^^^^^^^
> 217 |       <div className="flex flex-col gap-4">
      | ^^^^^^^^^^^^^^^^^^^^^^^^^^^^^^^^^^^^^^^^^^^
> 218 |         <Skeleton className="h-8 w-64" />
      | ^^^^^^^^^^^^^^^^^^^^^^^^^^^^^^^^^^^^^^^^^^^
> 219 |         <Skeleton className="h-40 w-full rounded-xl" />
      | ^^^^^^^^^^^^^^^^^^^^^^^^^^^^^^^^^^^^^^^^^^^
> 220 |         <Skeleton className="h-40 w-full rounded-xl" />
      | ^^^^^^^^^^^^^^^^^^^^^^^^^^^^^^^^^^^^^^^^^^^
> 221 |       </div>
      | ^^^^^^^^^^^^^^^^^^^^^^^^^^^^^^^^^^^^^^^^^^^
> 222 |     )
      | ^^^^^^
  223 |   }
  224 |
  225 |   if (!data?.audit) {

Return statement is not allowed here

Import trace:
  Server Component:
    ./components/dashboard/audit-detail.tsx
    ./app/dashboard/audits/[id]/page.tsx @ http://localhost:3000/_next/static/chunks/node_modules_next_dist_7a8122d0._.js:3117
[ 3048216ms] [LOG] [Fast Refresh] rebuilding @ http://localhost:3000/_next/static/chunks/node_modules_next_dist_7a8122d0._.js:2287
[ 3050251ms] [ERROR] ./components/dashboard/audit-detail.tsx:216:5
Parsing ecmascript source code failed
  214 |   )
  215 | }
> 216 |     return (
      |     ^^^^^^^^
> 217 |       <div className="flex flex-col gap-4">
      | ^^^^^^^^^^^^^^^^^^^^^^^^^^^^^^^^^^^^^^^^^^^
> 218 |         <Skeleton className="h-8 w-64" />
      | ^^^^^^^^^^^^^^^^^^^^^^^^^^^^^^^^^^^^^^^^^^^
> 219 |         <Skeleton className="h-40 w-full rounded-xl" />
      | ^^^^^^^^^^^^^^^^^^^^^^^^^^^^^^^^^^^^^^^^^^^
> 220 |         <Skeleton className="h-40 w-full rounded-xl" />
      | ^^^^^^^^^^^^^^^^^^^^^^^^^^^^^^^^^^^^^^^^^^^
> 221 |       </div>
      | ^^^^^^^^^^^^^^^^^^^^^^^^^^^^^^^^^^^^^^^^^^^
> 222 |     )
      | ^^^^^^
  223 |   }
  224 |
  225 |   if (!data?.audit) {

Return statement is not allowed here

Import trace:
  Server Component:
    ./components/dashboard/audit-detail.tsx
    ./app/dashboard/audits/[id]/page.tsx @ http://localhost:3000/_next/static/chunks/node_modules_next_dist_7a8122d0._.js:3117
[ 3050314ms] [LOG] [Fast Refresh] rebuilding @ http://localhost:3000/_next/static/chunks/node_modules_next_dist_7a8122d0._.js:2287
[ 3059338ms] [ERROR] ./components/dashboard/audit-detail.tsx:216:5
Parsing ecmascript source code failed
  214 |   )
  215 | }
> 216 |     return (
      |     ^^^^^^^^
> 217 |       <div className="flex flex-col gap-4">
      | ^^^^^^^^^^^^^^^^^^^^^^^^^^^^^^^^^^^^^^^^^^^
> 218 |         <Skeleton className="h-8 w-64" />
      | ^^^^^^^^^^^^^^^^^^^^^^^^^^^^^^^^^^^^^^^^^^^
> 219 |         <Skeleton className="h-40 w-full rounded-xl" />
      | ^^^^^^^^^^^^^^^^^^^^^^^^^^^^^^^^^^^^^^^^^^^
> 220 |         <Skeleton className="h-40 w-full rounded-xl" />
      | ^^^^^^^^^^^^^^^^^^^^^^^^^^^^^^^^^^^^^^^^^^^
> 221 |       </div>
      | ^^^^^^^^^^^^^^^^^^^^^^^^^^^^^^^^^^^^^^^^^^^
> 222 |     )
      | ^^^^^^
  223 |   }
  224 |
  225 |   if (!data?.audit) {

Return statement is not allowed here

Import trace:
  Server Component:
    ./components/dashboard/audit-detail.tsx
    ./app/dashboard/audits/[id]/page.tsx @ http://localhost:3000/_next/static/chunks/node_modules_next_dist_7a8122d0._.js:3117
[ 3059392ms] [LOG] [Fast Refresh] rebuilding @ http://localhost:3000/_next/static/chunks/node_modules_next_dist_7a8122d0._.js:2287
[ 3062383ms] [ERROR] ./components/dashboard/audit-detail.tsx:216:5
Parsing ecmascript source code failed
  214 |   )
  215 | }
> 216 |     return (
      |     ^^^^^^^^
> 217 |       <div className="flex flex-col gap-4">
      | ^^^^^^^^^^^^^^^^^^^^^^^^^^^^^^^^^^^^^^^^^^^
> 218 |         <Skeleton className="h-8 w-64" />
      | ^^^^^^^^^^^^^^^^^^^^^^^^^^^^^^^^^^^^^^^^^^^
> 219 |         <Skeleton className="h-40 w-full rounded-xl" />
      | ^^^^^^^^^^^^^^^^^^^^^^^^^^^^^^^^^^^^^^^^^^^
> 220 |         <Skeleton className="h-40 w-full rounded-xl" />
      | ^^^^^^^^^^^^^^^^^^^^^^^^^^^^^^^^^^^^^^^^^^^
> 221 |       </div>
      | ^^^^^^^^^^^^^^^^^^^^^^^^^^^^^^^^^^^^^^^^^^^
> 222 |     )
      | ^^^^^^
  223 |   }
  224 |
  225 |   if (!data?.audit) {

Return statement is not allowed here

Import trace:
  Server Component:
    ./components/dashboard/audit-detail.tsx
    ./app/dashboard/audits/[id]/page.tsx @ http://localhost:3000/_next/static/chunks/node_modules_next_dist_7a8122d0._.js:3117
[ 3062450ms] [LOG] [Fast Refresh] rebuilding @ http://localhost:3000/_next/static/chunks/node_modules_next_dist_7a8122d0._.js:2287
[ 3068832ms] [ERROR] ./components/dashboard/audit-detail.tsx:216:5
Parsing ecmascript source code failed
  214 |   )
  215 | }
> 216 |     return (
      |     ^^^^^^^^
> 217 |       <div className="flex flex-col gap-4">
      | ^^^^^^^^^^^^^^^^^^^^^^^^^^^^^^^^^^^^^^^^^^^
> 218 |         <Skeleton className="h-8 w-64" />
      | ^^^^^^^^^^^^^^^^^^^^^^^^^^^^^^^^^^^^^^^^^^^
> 219 |         <Skeleton className="h-40 w-full rounded-xl" />
      | ^^^^^^^^^^^^^^^^^^^^^^^^^^^^^^^^^^^^^^^^^^^
> 220 |         <Skeleton className="h-40 w-full rounded-xl" />
      | ^^^^^^^^^^^^^^^^^^^^^^^^^^^^^^^^^^^^^^^^^^^
> 221 |       </div>
      | ^^^^^^^^^^^^^^^^^^^^^^^^^^^^^^^^^^^^^^^^^^^
> 222 |     )
      | ^^^^^^
  223 |   }
  224 |
  225 |   if (!data?.audit) {

Return statement is not allowed here

Import trace:
  Server Component:
    ./components/dashboard/audit-detail.tsx
    ./app/dashboard/audits/[id]/page.tsx @ http://localhost:3000/_next/static/chunks/node_modules_next_dist_7a8122d0._.js:3117
[ 3068893ms] [LOG] [Fast Refresh] rebuilding @ http://localhost:3000/_next/static/chunks/node_modules_next_dist_7a8122d0._.js:2287
[ 3070196ms] [ERROR] ./components/dashboard/audit-detail.tsx:216:5
Parsing ecmascript source code failed
  214 |   )
  215 | }
> 216 |     return (
      |     ^^^^^^^^
> 217 |       <div className="flex flex-col gap-4">
      | ^^^^^^^^^^^^^^^^^^^^^^^^^^^^^^^^^^^^^^^^^^^
> 218 |         <Skeleton className="h-8 w-64" />
      | ^^^^^^^^^^^^^^^^^^^^^^^^^^^^^^^^^^^^^^^^^^^
> 219 |         <Skeleton className="h-40 w-full rounded-xl" />
      | ^^^^^^^^^^^^^^^^^^^^^^^^^^^^^^^^^^^^^^^^^^^
> 220 |         <Skeleton className="h-40 w-full rounded-xl" />
      | ^^^^^^^^^^^^^^^^^^^^^^^^^^^^^^^^^^^^^^^^^^^
> 221 |       </div>
      | ^^^^^^^^^^^^^^^^^^^^^^^^^^^^^^^^^^^^^^^^^^^
> 222 |     )
      | ^^^^^^
  223 |   }
  224 |
  225 |   if (!data?.audit) {

Return statement is not allowed here

Import trace:
  Server Component:
    ./components/dashboard/audit-detail.tsx
    ./app/dashboard/audits/[id]/page.tsx @ http://localhost:3000/_next/static/chunks/node_modules_next_dist_7a8122d0._.js:3117
[ 3070254ms] [LOG] [Fast Refresh] rebuilding @ http://localhost:3000/_next/static/chunks/node_modules_next_dist_7a8122d0._.js:2287
[ 3078347ms] [ERROR] ./components/dashboard/audit-detail.tsx:216:5
Parsing ecmascript source code failed
  214 |   )
  215 | }
> 216 |     return (
      |     ^^^^^^^^
> 217 |       <div className="flex flex-col gap-4">
      | ^^^^^^^^^^^^^^^^^^^^^^^^^^^^^^^^^^^^^^^^^^^
> 218 |         <Skeleton className="h-8 w-64" />
      | ^^^^^^^^^^^^^^^^^^^^^^^^^^^^^^^^^^^^^^^^^^^
> 219 |         <Skeleton className="h-40 w-full rounded-xl" />
      | ^^^^^^^^^^^^^^^^^^^^^^^^^^^^^^^^^^^^^^^^^^^
> 220 |         <Skeleton className="h-40 w-full rounded-xl" />
      | ^^^^^^^^^^^^^^^^^^^^^^^^^^^^^^^^^^^^^^^^^^^
> 221 |       </div>
      | ^^^^^^^^^^^^^^^^^^^^^^^^^^^^^^^^^^^^^^^^^^^
> 222 |     )
      | ^^^^^^
  223 |   }
  224 |
  225 |   if (!data?.audit) {

Return statement is not allowed here

Import trace:
  Server Component:
    ./components/dashboard/audit-detail.tsx
    ./app/dashboard/audits/[id]/page.tsx @ http://localhost:3000/_next/static/chunks/node_modules_next_dist_7a8122d0._.js:3117
[ 3078425ms] [LOG] [Fast Refresh] rebuilding @ http://localhost:3000/_next/static/chunks/node_modules_next_dist_7a8122d0._.js:2287
[ 3081050ms] [ERROR] ./components/dashboard/audit-detail.tsx:216:5
Parsing ecmascript source code failed
  214 |   )
  215 | }
> 216 |     return (
      |     ^^^^^^^^
> 217 |       <div className="flex flex-col gap-4">
      | ^^^^^^^^^^^^^^^^^^^^^^^^^^^^^^^^^^^^^^^^^^^
> 218 |         <Skeleton className="h-8 w-64" />
      | ^^^^^^^^^^^^^^^^^^^^^^^^^^^^^^^^^^^^^^^^^^^
> 219 |         <Skeleton className="h-40 w-full rounded-xl" />
      | ^^^^^^^^^^^^^^^^^^^^^^^^^^^^^^^^^^^^^^^^^^^
> 220 |         <Skeleton className="h-40 w-full rounded-xl" />
      | ^^^^^^^^^^^^^^^^^^^^^^^^^^^^^^^^^^^^^^^^^^^
> 221 |       </div>
      | ^^^^^^^^^^^^^^^^^^^^^^^^^^^^^^^^^^^^^^^^^^^
> 222 |     )
      | ^^^^^^
  223 |   }
  224 |
  225 |   if (!data?.audit) {

Return statement is not allowed here

Import trace:
  Server Component:
    ./components/dashboard/audit-detail.tsx
    ./app/dashboard/audits/[id]/page.tsx @ http://localhost:3000/_next/static/chunks/node_modules_next_dist_7a8122d0._.js:3117
[ 3081104ms] [LOG] [Fast Refresh] rebuilding @ http://localhost:3000/_next/static/chunks/node_modules_next_dist_7a8122d0._.js:2287
[ 3087267ms] [ERROR] ./components/dashboard/audit-detail.tsx:216:5
Parsing ecmascript source code failed
  214 |   )
  215 | }
> 216 |     return (
      |     ^^^^^^^^
> 217 |       <div className="flex flex-col gap-4">
      | ^^^^^^^^^^^^^^^^^^^^^^^^^^^^^^^^^^^^^^^^^^^
> 218 |         <Skeleton className="h-8 w-64" />
      | ^^^^^^^^^^^^^^^^^^^^^^^^^^^^^^^^^^^^^^^^^^^
> 219 |         <Skeleton className="h-40 w-full rounded-xl" />
      | ^^^^^^^^^^^^^^^^^^^^^^^^^^^^^^^^^^^^^^^^^^^
> 220 |         <Skeleton className="h-40 w-full rounded-xl" />
      | ^^^^^^^^^^^^^^^^^^^^^^^^^^^^^^^^^^^^^^^^^^^
> 221 |       </div>
      | ^^^^^^^^^^^^^^^^^^^^^^^^^^^^^^^^^^^^^^^^^^^
> 222 |     )
      | ^^^^^^
  223 |   }
  224 |
  225 |   if (!data?.audit) {

Return statement is not allowed here

Import trace:
  Server Component:
    ./components/dashboard/audit-detail.tsx
    ./app/dashboard/audits/[id]/page.tsx @ http://localhost:3000/_next/static/chunks/node_modules_next_dist_7a8122d0._.js:3117
[ 3087321ms] [LOG] [Fast Refresh] rebuilding @ http://localhost:3000/_next/static/chunks/node_modules_next_dist_7a8122d0._.js:2287
[ 3091890ms] [ERROR] ./components/dashboard/audit-detail.tsx:216:5
Parsing ecmascript source code failed
  214 |   )
  215 | }
> 216 |     return (
      |     ^^^^^^^^
> 217 |       <div className="flex flex-col gap-4">
      | ^^^^^^^^^^^^^^^^^^^^^^^^^^^^^^^^^^^^^^^^^^^
> 218 |         <Skeleton className="h-8 w-64" />
      | ^^^^^^^^^^^^^^^^^^^^^^^^^^^^^^^^^^^^^^^^^^^
> 219 |         <Skeleton className="h-40 w-full rounded-xl" />
      | ^^^^^^^^^^^^^^^^^^^^^^^^^^^^^^^^^^^^^^^^^^^
> 220 |         <Skeleton className="h-40 w-full rounded-xl" />
      | ^^^^^^^^^^^^^^^^^^^^^^^^^^^^^^^^^^^^^^^^^^^
> 221 |       </div>
      | ^^^^^^^^^^^^^^^^^^^^^^^^^^^^^^^^^^^^^^^^^^^
> 222 |     )
      | ^^^^^^
  223 |   }
  224 |
  225 |   if (!data?.audit) {

Return statement is not allowed here

Import trace:
  Server Component:
    ./components/dashboard/audit-detail.tsx
    ./app/dashboard/audits/[id]/page.tsx @ http://localhost:3000/_next/static/chunks/node_modules_next_dist_7a8122d0._.js:3117
[ 3091960ms] [LOG] [Fast Refresh] rebuilding @ http://localhost:3000/_next/static/chunks/node_modules_next_dist_7a8122d0._.js:2287
[ 3094041ms] [ERROR] ./components/dashboard/audit-detail.tsx:216:5
Parsing ecmascript source code failed
  214 |   )
  215 | }
> 216 |     return (
      |     ^^^^^^^^
> 217 |       <div className="flex flex-col gap-4">
      | ^^^^^^^^^^^^^^^^^^^^^^^^^^^^^^^^^^^^^^^^^^^
> 218 |         <Skeleton className="h-8 w-64" />
      | ^^^^^^^^^^^^^^^^^^^^^^^^^^^^^^^^^^^^^^^^^^^
> 219 |         <Skeleton className="h-40 w-full rounded-xl" />
      | ^^^^^^^^^^^^^^^^^^^^^^^^^^^^^^^^^^^^^^^^^^^
> 220 |         <Skeleton className="h-40 w-full rounded-xl" />
      | ^^^^^^^^^^^^^^^^^^^^^^^^^^^^^^^^^^^^^^^^^^^
> 221 |       </div>
      | ^^^^^^^^^^^^^^^^^^^^^^^^^^^^^^^^^^^^^^^^^^^
> 222 |     )
      | ^^^^^^
  223 |   }
  224 |
  225 |   if (!data?.audit) {

Return statement is not allowed here

Import trace:
  Server Component:
    ./components/dashboard/audit-detail.tsx
    ./app/dashboard/audits/[id]/page.tsx @ http://localhost:3000/_next/static/chunks/node_modules_next_dist_7a8122d0._.js:3117
[ 3094115ms] [LOG] [Fast Refresh] rebuilding @ http://localhost:3000/_next/static/chunks/node_modules_next_dist_7a8122d0._.js:2287
[ 3105526ms] [ERROR] ./components/dashboard/audit-detail.tsx:216:5
Parsing ecmascript source code failed
  214 |   )
  215 | }
> 216 |     return (
      |     ^^^^^^^^
> 217 |       <div className="flex flex-col gap-4">
      | ^^^^^^^^^^^^^^^^^^^^^^^^^^^^^^^^^^^^^^^^^^^
> 218 |         <Skeleton className="h-8 w-64" />
      | ^^^^^^^^^^^^^^^^^^^^^^^^^^^^^^^^^^^^^^^^^^^
> 219 |         <Skeleton className="h-40 w-full rounded-xl" />
      | ^^^^^^^^^^^^^^^^^^^^^^^^^^^^^^^^^^^^^^^^^^^
> 220 |         <Skeleton className="h-40 w-full rounded-xl" />
      | ^^^^^^^^^^^^^^^^^^^^^^^^^^^^^^^^^^^^^^^^^^^
> 221 |       </div>
      | ^^^^^^^^^^^^^^^^^^^^^^^^^^^^^^^^^^^^^^^^^^^
> 222 |     )
      | ^^^^^^
  223 |   }
  224 |
  225 |   if (!data?.audit) {

Return statement is not allowed here

Import trace:
  Server Component:
    ./components/dashboard/audit-detail.tsx
    ./app/dashboard/audits/[id]/page.tsx @ http://localhost:3000/_next/static/chunks/node_modules_next_dist_7a8122d0._.js:3117
[ 3105596ms] [LOG] [Fast Refresh] rebuilding @ http://localhost:3000/_next/static/chunks/node_modules_next_dist_7a8122d0._.js:2287
[ 3105838ms] [ERROR] ./components/dashboard/audit-detail.tsx:216:5
Parsing ecmascript source code failed
  214 |   )
  215 | }
> 216 |     return (
      |     ^^^^^^^^
> 217 |       <div className="flex flex-col gap-4">
      | ^^^^^^^^^^^^^^^^^^^^^^^^^^^^^^^^^^^^^^^^^^^
> 218 |         <Skeleton className="h-8 w-64" />
      | ^^^^^^^^^^^^^^^^^^^^^^^^^^^^^^^^^^^^^^^^^^^
> 219 |         <Skeleton className="h-40 w-full rounded-xl" />
      | ^^^^^^^^^^^^^^^^^^^^^^^^^^^^^^^^^^^^^^^^^^^
> 220 |         <Skeleton className="h-40 w-full rounded-xl" />
      | ^^^^^^^^^^^^^^^^^^^^^^^^^^^^^^^^^^^^^^^^^^^
> 221 |       </div>
      | ^^^^^^^^^^^^^^^^^^^^^^^^^^^^^^^^^^^^^^^^^^^
> 222 |     )
      | ^^^^^^
  223 |   }
  224 |
  225 |   if (!data?.audit) {

Return statement is not allowed here

Import trace:
  Server Component:
    ./components/dashboard/audit-detail.tsx
    ./app/dashboard/audits/[id]/page.tsx @ http://localhost:3000/_next/static/chunks/node_modules_next_dist_7a8122d0._.js:3117
[ 3105909ms] [LOG] [Fast Refresh] rebuilding @ http://localhost:3000/_next/static/chunks/node_modules_next_dist_7a8122d0._.js:2287
[ 3109640ms] [ERROR] ./components/dashboard/audit-detail.tsx:216:5
Parsing ecmascript source code failed
  214 |   )
  215 | }
> 216 |     return (
      |     ^^^^^^^^
> 217 |       <div className="flex flex-col gap-4">
      | ^^^^^^^^^^^^^^^^^^^^^^^^^^^^^^^^^^^^^^^^^^^
> 218 |         <Skeleton className="h-8 w-64" />
      | ^^^^^^^^^^^^^^^^^^^^^^^^^^^^^^^^^^^^^^^^^^^
> 219 |         <Skeleton className="h-40 w-full rounded-xl" />
      | ^^^^^^^^^^^^^^^^^^^^^^^^^^^^^^^^^^^^^^^^^^^
> 220 |         <Skeleton className="h-40 w-full rounded-xl" />
      | ^^^^^^^^^^^^^^^^^^^^^^^^^^^^^^^^^^^^^^^^^^^
> 221 |       </div>
      | ^^^^^^^^^^^^^^^^^^^^^^^^^^^^^^^^^^^^^^^^^^^
> 222 |     )
      | ^^^^^^
  223 |   }
  224 |
  225 |   if (!data?.audit) {

Return statement is not allowed here

Import trace:
  Server Component:
    ./components/dashboard/audit-detail.tsx
    ./app/dashboard/audits/[id]/page.tsx @ http://localhost:3000/_next/static/chunks/node_modules_next_dist_7a8122d0._.js:3117
[ 3109699ms] [LOG] [Fast Refresh] rebuilding @ http://localhost:3000/_next/static/chunks/node_modules_next_dist_7a8122d0._.js:2287
[ 3116967ms] [ERROR] ./components/dashboard/audit-detail.tsx:216:5
Parsing ecmascript source code failed
  214 |   )
  215 | }
> 216 |     return (
      |     ^^^^^^^^
> 217 |       <div className="flex flex-col gap-4">
      | ^^^^^^^^^^^^^^^^^^^^^^^^^^^^^^^^^^^^^^^^^^^
> 218 |         <Skeleton className="h-8 w-64" />
      | ^^^^^^^^^^^^^^^^^^^^^^^^^^^^^^^^^^^^^^^^^^^
> 219 |         <Skeleton className="h-40 w-full rounded-xl" />
      | ^^^^^^^^^^^^^^^^^^^^^^^^^^^^^^^^^^^^^^^^^^^
> 220 |         <Skeleton className="h-40 w-full rounded-xl" />
      | ^^^^^^^^^^^^^^^^^^^^^^^^^^^^^^^^^^^^^^^^^^^
> 221 |       </div>
      | ^^^^^^^^^^^^^^^^^^^^^^^^^^^^^^^^^^^^^^^^^^^
> 222 |     )
      | ^^^^^^
  223 |   }
  224 |
  225 |   if (!data?.audit) {

Return statement is not allowed here

Import trace:
  Server Component:
    ./components/dashboard/audit-detail.tsx
    ./app/dashboard/audits/[id]/page.tsx @ http://localhost:3000/_next/static/chunks/node_modules_next_dist_7a8122d0._.js:3117
[ 3117053ms] [LOG] [Fast Refresh] rebuilding @ http://localhost:3000/_next/static/chunks/node_modules_next_dist_7a8122d0._.js:2287
[ 3124292ms] [ERROR] ./components/dashboard/audit-detail.tsx:216:5
Parsing ecmascript source code failed
  214 |   )
  215 | }
> 216 |     return (
      |     ^^^^^^^^
> 217 |       <div className="flex flex-col gap-4">
      | ^^^^^^^^^^^^^^^^^^^^^^^^^^^^^^^^^^^^^^^^^^^
> 218 |         <Skeleton className="h-8 w-64" />
      | ^^^^^^^^^^^^^^^^^^^^^^^^^^^^^^^^^^^^^^^^^^^
> 219 |         <Skeleton className="h-40 w-full rounded-xl" />
      | ^^^^^^^^^^^^^^^^^^^^^^^^^^^^^^^^^^^^^^^^^^^
> 220 |         <Skeleton className="h-40 w-full rounded-xl" />
      | ^^^^^^^^^^^^^^^^^^^^^^^^^^^^^^^^^^^^^^^^^^^
> 221 |       </div>
      | ^^^^^^^^^^^^^^^^^^^^^^^^^^^^^^^^^^^^^^^^^^^
> 222 |     )
      | ^^^^^^
  223 |   }
  224 |
  225 |   if (!data?.audit) {

Return statement is not allowed here

Import trace:
  Server Component:
    ./components/dashboard/audit-detail.tsx
    ./app/dashboard/audits/[id]/page.tsx @ http://localhost:3000/_next/static/chunks/node_modules_next_dist_7a8122d0._.js:3117
[ 3124368ms] [LOG] [Fast Refresh] rebuilding @ http://localhost:3000/_next/static/chunks/node_modules_next_dist_7a8122d0._.js:2287
[ 3125225ms] [ERROR] ./components/dashboard/audit-detail.tsx:216:5
Parsing ecmascript source code failed
  214 |   )
  215 | }
> 216 |     return (
      |     ^^^^^^^^
> 217 |       <div className="flex flex-col gap-4">
      | ^^^^^^^^^^^^^^^^^^^^^^^^^^^^^^^^^^^^^^^^^^^
> 218 |         <Skeleton className="h-8 w-64" />
      | ^^^^^^^^^^^^^^^^^^^^^^^^^^^^^^^^^^^^^^^^^^^
> 219 |         <Skeleton className="h-40 w-full rounded-xl" />
      | ^^^^^^^^^^^^^^^^^^^^^^^^^^^^^^^^^^^^^^^^^^^
> 220 |         <Skeleton className="h-40 w-full rounded-xl" />
      | ^^^^^^^^^^^^^^^^^^^^^^^^^^^^^^^^^^^^^^^^^^^
> 221 |       </div>
      | ^^^^^^^^^^^^^^^^^^^^^^^^^^^^^^^^^^^^^^^^^^^
> 222 |     )
      | ^^^^^^
  223 |   }
  224 |
  225 |   if (!data?.audit) {

Return statement is not allowed here

Import trace:
  Server Component:
    ./components/dashboard/audit-detail.tsx
    ./app/dashboard/audits/[id]/page.tsx @ http://localhost:3000/_next/static/chunks/node_modules_next_dist_7a8122d0._.js:3117
[ 3125291ms] [LOG] [Fast Refresh] rebuilding @ http://localhost:3000/_next/static/chunks/node_modules_next_dist_7a8122d0._.js:2287
[ 3127854ms] [ERROR] ./components/dashboard/audit-detail.tsx:216:5
Parsing ecmascript source code failed
  214 |   )
  215 | }
> 216 |     return (
      |     ^^^^^^^^
> 217 |       <div className="flex flex-col gap-4">
      | ^^^^^^^^^^^^^^^^^^^^^^^^^^^^^^^^^^^^^^^^^^^
> 218 |         <Skeleton className="h-8 w-64" />
      | ^^^^^^^^^^^^^^^^^^^^^^^^^^^^^^^^^^^^^^^^^^^
> 219 |         <Skeleton className="h-40 w-full rounded-xl" />
      | ^^^^^^^^^^^^^^^^^^^^^^^^^^^^^^^^^^^^^^^^^^^
> 220 |         <Skeleton className="h-40 w-full rounded-xl" />
      | ^^^^^^^^^^^^^^^^^^^^^^^^^^^^^^^^^^^^^^^^^^^
> 221 |       </div>
      | ^^^^^^^^^^^^^^^^^^^^^^^^^^^^^^^^^^^^^^^^^^^
> 222 |     )
      | ^^^^^^
  223 |   }
  224 |
  225 |   if (!data?.audit) {

Return statement is not allowed here

Import trace:
  Server Component:
    ./components/dashboard/audit-detail.tsx
    ./app/dashboard/audits/[id]/page.tsx @ http://localhost:3000/_next/static/chunks/node_modules_next_dist_7a8122d0._.js:3117
[ 3127907ms] [LOG] [Fast Refresh] rebuilding @ http://localhost:3000/_next/static/chunks/node_modules_next_dist_7a8122d0._.js:2287
[ 3139035ms] [ERROR] ./components/dashboard/audit-detail.tsx:216:5
Parsing ecmascript source code failed
  214 |   )
  215 | }
> 216 |     return (
      |     ^^^^^^^^
> 217 |       <div className="flex flex-col gap-4">
      | ^^^^^^^^^^^^^^^^^^^^^^^^^^^^^^^^^^^^^^^^^^^
> 218 |         <Skeleton className="h-8 w-64" />
      | ^^^^^^^^^^^^^^^^^^^^^^^^^^^^^^^^^^^^^^^^^^^
> 219 |         <Skeleton className="h-40 w-full rounded-xl" />
      | ^^^^^^^^^^^^^^^^^^^^^^^^^^^^^^^^^^^^^^^^^^^
> 220 |         <Skeleton className="h-40 w-full rounded-xl" />
      | ^^^^^^^^^^^^^^^^^^^^^^^^^^^^^^^^^^^^^^^^^^^
> 221 |       </div>
      | ^^^^^^^^^^^^^^^^^^^^^^^^^^^^^^^^^^^^^^^^^^^
> 222 |     )
      | ^^^^^^
  223 |   }
  224 |
  225 |   if (!data?.audit) {

Return statement is not allowed here

Import trace:
  Server Component:
    ./components/dashboard/audit-detail.tsx
    ./app/dashboard/audits/[id]/page.tsx @ http://localhost:3000/_next/static/chunks/node_modules_next_dist_7a8122d0._.js:3117
[ 3139099ms] [LOG] [Fast Refresh] rebuilding @ http://localhost:3000/_next/static/chunks/node_modules_next_dist_7a8122d0._.js:2287
[ 3140810ms] [ERROR] ./components/dashboard/audit-detail.tsx:216:5
Parsing ecmascript source code failed
  214 |   )
  215 | }
> 216 |     return (
      |     ^^^^^^^^
> 217 |       <div className="flex flex-col gap-4">
      | ^^^^^^^^^^^^^^^^^^^^^^^^^^^^^^^^^^^^^^^^^^^
> 218 |         <Skeleton className="h-8 w-64" />
      | ^^^^^^^^^^^^^^^^^^^^^^^^^^^^^^^^^^^^^^^^^^^
> 219 |         <Skeleton className="h-40 w-full rounded-xl" />
      | ^^^^^^^^^^^^^^^^^^^^^^^^^^^^^^^^^^^^^^^^^^^
> 220 |         <Skeleton className="h-40 w-full rounded-xl" />
      | ^^^^^^^^^^^^^^^^^^^^^^^^^^^^^^^^^^^^^^^^^^^
> 221 |       </div>
      | ^^^^^^^^^^^^^^^^^^^^^^^^^^^^^^^^^^^^^^^^^^^
> 222 |     )
      | ^^^^^^
  223 |   }
  224 |
  225 |   if (!data?.audit) {

Return statement is not allowed here

Import trace:
  Server Component:
    ./components/dashboard/audit-detail.tsx
    ./app/dashboard/audits/[id]/page.tsx @ http://localhost:3000/_next/static/chunks/node_modules_next_dist_7a8122d0._.js:3117
[ 3140875ms] [LOG] [Fast Refresh] rebuilding @ http://localhost:3000/_next/static/chunks/node_modules_next_dist_7a8122d0._.js:2287
[ 3142601ms] [ERROR] ./components/dashboard/audit-detail.tsx:216:5
Parsing ecmascript source code failed
  214 |   )
  215 | }
> 216 |     return (
      |     ^^^^^^^^
> 217 |       <div className="flex flex-col gap-4">
      | ^^^^^^^^^^^^^^^^^^^^^^^^^^^^^^^^^^^^^^^^^^^
> 218 |         <Skeleton className="h-8 w-64" />
      | ^^^^^^^^^^^^^^^^^^^^^^^^^^^^^^^^^^^^^^^^^^^
> 219 |         <Skeleton className="h-40 w-full rounded-xl" />
      | ^^^^^^^^^^^^^^^^^^^^^^^^^^^^^^^^^^^^^^^^^^^
> 220 |         <Skeleton className="h-40 w-full rounded-xl" />
      | ^^^^^^^^^^^^^^^^^^^^^^^^^^^^^^^^^^^^^^^^^^^
> 221 |       </div>
      | ^^^^^^^^^^^^^^^^^^^^^^^^^^^^^^^^^^^^^^^^^^^
> 222 |     )
      | ^^^^^^
  223 |   }
  224 |
  225 |   if (!data?.audit) {

Return statement is not allowed here

Import trace:
  Server Component:
    ./components/dashboard/audit-detail.tsx
    ./app/dashboard/audits/[id]/page.tsx @ http://localhost:3000/_next/static/chunks/node_modules_next_dist_7a8122d0._.js:3117
[ 3142661ms] [LOG] [Fast Refresh] rebuilding @ http://localhost:3000/_next/static/chunks/node_modules_next_dist_7a8122d0._.js:2287
[ 3150247ms] [ERROR] ./components/dashboard/audit-detail.tsx:216:5
Parsing ecmascript source code failed
  214 |   )
  215 | }
> 216 |     return (
      |     ^^^^^^^^
> 217 |       <div className="flex flex-col gap-4">
      | ^^^^^^^^^^^^^^^^^^^^^^^^^^^^^^^^^^^^^^^^^^^
> 218 |         <Skeleton className="h-8 w-64" />
      | ^^^^^^^^^^^^^^^^^^^^^^^^^^^^^^^^^^^^^^^^^^^
> 219 |         <Skeleton className="h-40 w-full rounded-xl" />
      | ^^^^^^^^^^^^^^^^^^^^^^^^^^^^^^^^^^^^^^^^^^^
> 220 |         <Skeleton className="h-40 w-full rounded-xl" />
      | ^^^^^^^^^^^^^^^^^^^^^^^^^^^^^^^^^^^^^^^^^^^
> 221 |       </div>
      | ^^^^^^^^^^^^^^^^^^^^^^^^^^^^^^^^^^^^^^^^^^^
> 222 |     )
      | ^^^^^^
  223 |   }
  224 |
  225 |   if (!data?.audit) {

Return statement is not allowed here

Import trace:
  Server Component:
    ./components/dashboard/audit-detail.tsx
    ./app/dashboard/audits/[id]/page.tsx @ http://localhost:3000/_next/static/chunks/node_modules_next_dist_7a8122d0._.js:3117
[ 3150312ms] [LOG] [Fast Refresh] rebuilding @ http://localhost:3000/_next/static/chunks/node_modules_next_dist_7a8122d0._.js:2287
[ 3156918ms] [ERROR] ./components/dashboard/audit-detail.tsx:216:5
Parsing ecmascript source code failed
  214 |   )
  215 | }
> 216 |     return (
      |     ^^^^^^^^
> 217 |       <div className="flex flex-col gap-4">
      | ^^^^^^^^^^^^^^^^^^^^^^^^^^^^^^^^^^^^^^^^^^^
> 218 |         <Skeleton className="h-8 w-64" />
      | ^^^^^^^^^^^^^^^^^^^^^^^^^^^^^^^^^^^^^^^^^^^
> 219 |         <Skeleton className="h-40 w-full rounded-xl" />
      | ^^^^^^^^^^^^^^^^^^^^^^^^^^^^^^^^^^^^^^^^^^^
> 220 |         <Skeleton className="h-40 w-full rounded-xl" />
      | ^^^^^^^^^^^^^^^^^^^^^^^^^^^^^^^^^^^^^^^^^^^
> 221 |       </div>
      | ^^^^^^^^^^^^^^^^^^^^^^^^^^^^^^^^^^^^^^^^^^^
> 222 |     )
      | ^^^^^^
  223 |   }
  224 |
  225 |   if (!data?.audit) {

Return statement is not allowed here

Import trace:
  Server Component:
    ./components/dashboard/audit-detail.tsx
    ./app/dashboard/audits/[id]/page.tsx @ http://localhost:3000/_next/static/chunks/node_modules_next_dist_7a8122d0._.js:3117
[ 3156981ms] [LOG] [Fast Refresh] rebuilding @ http://localhost:3000/_next/static/chunks/node_modules_next_dist_7a8122d0._.js:2287
[ 3160679ms] [ERROR] ./components/dashboard/audit-detail.tsx:216:5
Parsing ecmascript source code failed
  214 |   )
  215 | }
> 216 |     return (
      |     ^^^^^^^^
> 217 |       <div className="flex flex-col gap-4">
      | ^^^^^^^^^^^^^^^^^^^^^^^^^^^^^^^^^^^^^^^^^^^
> 218 |         <Skeleton className="h-8 w-64" />
      | ^^^^^^^^^^^^^^^^^^^^^^^^^^^^^^^^^^^^^^^^^^^
> 219 |         <Skeleton className="h-40 w-full rounded-xl" />
      | ^^^^^^^^^^^^^^^^^^^^^^^^^^^^^^^^^^^^^^^^^^^
> 220 |         <Skeleton className="h-40 w-full rounded-xl" />
      | ^^^^^^^^^^^^^^^^^^^^^^^^^^^^^^^^^^^^^^^^^^^
> 221 |       </div>
      | ^^^^^^^^^^^^^^^^^^^^^^^^^^^^^^^^^^^^^^^^^^^
> 222 |     )
      | ^^^^^^
  223 |   }
  224 |
  225 |   if (!data?.audit) {

Return statement is not allowed here

Import trace:
  Server Component:
    ./components/dashboard/audit-detail.tsx
    ./app/dashboard/audits/[id]/page.tsx @ http://localhost:3000/_next/static/chunks/node_modules_next_dist_7a8122d0._.js:3117
[ 3160741ms] [LOG] [Fast Refresh] rebuilding @ http://localhost:3000/_next/static/chunks/node_modules_next_dist_7a8122d0._.js:2287
[ 3161667ms] [ERROR] ./components/dashboard/audit-detail.tsx:216:5
Parsing ecmascript source code failed
  214 |   )
  215 | }
> 216 |     return (
      |     ^^^^^^^^
> 217 |       <div className="flex flex-col gap-4">
      | ^^^^^^^^^^^^^^^^^^^^^^^^^^^^^^^^^^^^^^^^^^^
> 218 |         <Skeleton className="h-8 w-64" />
      | ^^^^^^^^^^^^^^^^^^^^^^^^^^^^^^^^^^^^^^^^^^^
> 219 |         <Skeleton className="h-40 w-full rounded-xl" />
      | ^^^^^^^^^^^^^^^^^^^^^^^^^^^^^^^^^^^^^^^^^^^
> 220 |         <Skeleton className="h-40 w-full rounded-xl" />
      | ^^^^^^^^^^^^^^^^^^^^^^^^^^^^^^^^^^^^^^^^^^^
> 221 |       </div>
      | ^^^^^^^^^^^^^^^^^^^^^^^^^^^^^^^^^^^^^^^^^^^
> 222 |     )
      | ^^^^^^
  223 |   }
  224 |
  225 |   if (!data?.audit) {

Return statement is not allowed here

Import trace:
  Server Component:
    ./components/dashboard/audit-detail.tsx
    ./app/dashboard/audits/[id]/page.tsx @ http://localhost:3000/_next/static/chunks/node_modules_next_dist_7a8122d0._.js:3117
[ 3161720ms] [LOG] [Fast Refresh] rebuilding @ http://localhost:3000/_next/static/chunks/node_modules_next_dist_7a8122d0._.js:2287
[ 3173080ms] [ERROR] ./components/dashboard/audit-detail.tsx:216:5
Parsing ecmascript source code failed
  214 |   )
  215 | }
> 216 |     return (
      |     ^^^^^^^^
> 217 |       <div className="flex flex-col gap-4">
      | ^^^^^^^^^^^^^^^^^^^^^^^^^^^^^^^^^^^^^^^^^^^
> 218 |         <Skeleton className="h-8 w-64" />
      | ^^^^^^^^^^^^^^^^^^^^^^^^^^^^^^^^^^^^^^^^^^^
> 219 |         <Skeleton className="h-40 w-full rounded-xl" />
      | ^^^^^^^^^^^^^^^^^^^^^^^^^^^^^^^^^^^^^^^^^^^
> 220 |         <Skeleton className="h-40 w-full rounded-xl" />
      | ^^^^^^^^^^^^^^^^^^^^^^^^^^^^^^^^^^^^^^^^^^^
> 221 |       </div>
      | ^^^^^^^^^^^^^^^^^^^^^^^^^^^^^^^^^^^^^^^^^^^
> 222 |     )
      | ^^^^^^
  223 |   }
  224 |
  225 |   if (!data?.audit) {

Return statement is not allowed here

Import trace:
  Server Component:
    ./components/dashboard/audit-detail.tsx
    ./app/dashboard/audits/[id]/page.tsx @ http://localhost:3000/_next/static/chunks/node_modules_next_dist_7a8122d0._.js:3117
[ 3173129ms] [ERROR] ./components/dashboard/audit-detail.tsx:216:5
Parsing ecmascript source code failed
  214 |   )
  215 | }
> 216 |     return (
      |     ^^^^^^^^
> 217 |       <div className="flex flex-col gap-4">
      | ^^^^^^^^^^^^^^^^^^^^^^^^^^^^^^^^^^^^^^^^^^^
> 218 |         <Skeleton className="h-8 w-64" />
      | ^^^^^^^^^^^^^^^^^^^^^^^^^^^^^^^^^^^^^^^^^^^
> 219 |         <Skeleton className="h-40 w-full rounded-xl" />
      | ^^^^^^^^^^^^^^^^^^^^^^^^^^^^^^^^^^^^^^^^^^^
> 220 |         <Skeleton className="h-40 w-full rounded-xl" />
      | ^^^^^^^^^^^^^^^^^^^^^^^^^^^^^^^^^^^^^^^^^^^
> 221 |       </div>
      | ^^^^^^^^^^^^^^^^^^^^^^^^^^^^^^^^^^^^^^^^^^^
> 222 |     )
      | ^^^^^^
  223 |   }
  224 |
  225 |   if (!data?.audit) {

Return statement is not allowed here

Import trace:
  Server Component:
    ./components/dashboard/audit-detail.tsx
    ./app/dashboard/audits/[id]/page.tsx @ http://localhost:3000/_next/static/chunks/node_modules_next_dist_7a8122d0._.js:3117
[ 3173197ms] [LOG] [Fast Refresh] rebuilding @ http://localhost:3000/_next/static/chunks/node_modules_next_dist_7a8122d0._.js:2287
[ 3179258ms] [ERROR] ./components/dashboard/audit-detail.tsx:216:5
Parsing ecmascript source code failed
  214 |   )
  215 | }
> 216 |     return (
      |     ^^^^^^^^
> 217 |       <div className="flex flex-col gap-4">
      | ^^^^^^^^^^^^^^^^^^^^^^^^^^^^^^^^^^^^^^^^^^^
> 218 |         <Skeleton className="h-8 w-64" />
      | ^^^^^^^^^^^^^^^^^^^^^^^^^^^^^^^^^^^^^^^^^^^
> 219 |         <Skeleton className="h-40 w-full rounded-xl" />
      | ^^^^^^^^^^^^^^^^^^^^^^^^^^^^^^^^^^^^^^^^^^^
> 220 |         <Skeleton className="h-40 w-full rounded-xl" />
      | ^^^^^^^^^^^^^^^^^^^^^^^^^^^^^^^^^^^^^^^^^^^
> 221 |       </div>
      | ^^^^^^^^^^^^^^^^^^^^^^^^^^^^^^^^^^^^^^^^^^^
> 222 |     )
      | ^^^^^^
  223 |   }
  224 |
  225 |   if (!data?.audit) {

Return statement is not allowed here

Import trace:
  Server Component:
    ./components/dashboard/audit-detail.tsx
    ./app/dashboard/audits/[id]/page.tsx @ http://localhost:3000/_next/static/chunks/node_modules_next_dist_7a8122d0._.js:3117
[ 3179318ms] [LOG] [Fast Refresh] rebuilding @ http://localhost:3000/_next/static/chunks/node_modules_next_dist_7a8122d0._.js:2287
[ 3183899ms] [ERROR] ./components/dashboard/audit-detail.tsx:216:5
Parsing ecmascript source code failed
  214 |   )
  215 | }
> 216 |     return (
      |     ^^^^^^^^
> 217 |       <div className="flex flex-col gap-4">
      | ^^^^^^^^^^^^^^^^^^^^^^^^^^^^^^^^^^^^^^^^^^^
> 218 |         <Skeleton className="h-8 w-64" />
      | ^^^^^^^^^^^^^^^^^^^^^^^^^^^^^^^^^^^^^^^^^^^
> 219 |         <Skeleton className="h-40 w-full rounded-xl" />
      | ^^^^^^^^^^^^^^^^^^^^^^^^^^^^^^^^^^^^^^^^^^^
> 220 |         <Skeleton className="h-40 w-full rounded-xl" />
      | ^^^^^^^^^^^^^^^^^^^^^^^^^^^^^^^^^^^^^^^^^^^
> 221 |       </div>
      | ^^^^^^^^^^^^^^^^^^^^^^^^^^^^^^^^^^^^^^^^^^^
> 222 |     )
      | ^^^^^^
  223 |   }
  224 |
  225 |   if (!data?.audit) {

Return statement is not allowed here

Import trace:
  Server Component:
    ./components/dashboard/audit-detail.tsx
    ./app/dashboard/audits/[id]/page.tsx @ http://localhost:3000/_next/static/chunks/node_modules_next_dist_7a8122d0._.js:3117
[ 3183959ms] [LOG] [Fast Refresh] rebuilding @ http://localhost:3000/_next/static/chunks/node_modules_next_dist_7a8122d0._.js:2287
[ 3187133ms] [LOG] [Fast Refresh] rebuilding @ http://localhost:3000/_next/static/chunks/node_modules_next_dist_7a8122d0._.js:2287
[ 3187216ms] [LOG] [Fast Refresh] done in 61ms @ http://localhost:3000/_next/static/chunks/node_modules_next_dist_7a8122d0._.js:2287
[ 3303753ms] [LOG] [Fast Refresh] rebuilding @ http://localhost:3000/_next/static/chunks/node_modules_next_dist_7a8122d0._.js:2287
[ 3303801ms] [LOG] [Fast Refresh] done in 154ms @ http://localhost:3000/_next/static/chunks/node_modules_next_dist_7a8122d0._.js:2287
[ 4226888ms] [LOG] [Fast Refresh] rebuilding @ http://localhost:3000/_next/static/chunks/node_modules_next_dist_7a8122d0._.js:2287
[ 4226904ms] [LOG] [Fast Refresh] done in 104ms @ http://localhost:3000/_next/static/chunks/node_modules_next_dist_7a8122d0._.js:2287
[ 4231543ms] [LOG] [Fast Refresh] rebuilding @ http://localhost:3000/_next/static/chunks/node_modules_next_dist_7a8122d0._.js:2287
[ 4231572ms] [LOG] [Fast Refresh] done in 80ms @ http://localhost:3000/_next/static/chunks/node_modules_next_dist_7a8122d0._.js:2287
[ 4264112ms] [LOG] [Fast Refresh] rebuilding @ http://localhost:3000/_next/static/chunks/node_modules_next_dist_7a8122d0._.js:2287
[ 4264143ms] [LOG] [Fast Refresh] done in 134ms @ http://localhost:3000/_next/static/chunks/node_modules_next_dist_7a8122d0._.js:2287
